#
# There is insufficient memory for the Java Runtime Environment to continue.
# Native memory allocation (mmap) failed to map 484442112 bytes for G1 virtual space
# Possible reasons:
#   The system is out of physical RAM or swap space
#   The process is running with CompressedOops enabled, and the Java Heap may be blocking the growth of the native heap
# Possible solutions:
#   Reduce memory load on the system
#   Increase physical memory or swap space
#   Check if swap backing store is full
#   Decrease Java heap size (-Xmx/-Xms)
#   Decrease number of Java threads
#   Decrease Java thread stack sizes (-Xss)
#   Set larger code cache with -XX:ReservedCodeCacheSize=
#   JVM is running with Unscaled Compressed Oops mode in which the Java heap is
#     placed in the first 4GB address space. The Java Heap base address is the
#     maximum limit for the native heap growth. Please use -XX:HeapBaseMinAddress
#     to set the Java Heap base and to place the Java Heap above 4GB virtual address.
# This output file may be truncated or incomplete.
#
#  Out of Memory Error (os_windows.cpp:3528), pid=6572, tid=4340
#
# JRE version: OpenJDK Runtime Environment (20.0.1+9) (build 20.0.1+9-29)
# Java VM: OpenJDK 64-Bit Server VM (20.0.1+9-29, mixed mode, sharing, tiered, compressed oops, compressed class ptrs, g1 gc, windows-amd64)
# No core dump will be written. Minidumps are not enabled by default on client versions of Windows
#

---------------  S U M M A R Y ------------

Command Line: -javaagent:C:\Program Files\JetBrains\IntelliJ IDEA Community Edition 2023.1.2\lib\idea_rt.jar=53258:C:\Program Files\JetBrains\IntelliJ IDEA Community Edition 2023.1.2\bin -Dfile.encoding=UTF-8 -Dsun.stdout.encoding=UTF-8 -Dsun.stderr.encoding=UTF-8 runtime.starter.MulticoreStarter C:\Users\User\Documents\GitHub\TPO\lab7 3 smpdev useLocalLoader C:\Users\User\Documents\GitHub\TPO\lab7\out\production\lab7;C:\mpj\lib\mpi.jar;C:\mpj\lib\mpi.jar;C:\mpj\lib\xdev.jar;C:\mpj\lib\mxdev.jar;C:\mpj\lib\tools.jar;C:\mpj\lib\daemon.jar;C:\mpj\lib\hybdev.jar;C:\mpj\lib\mpiExp.jar;C:\mpj\lib\mpjbuf.jar;C:\mpj\lib\mpjdev.jar;C:\mpj\lib\niodev.jar;C:\mpj\lib\smpdev.jar;C:\mpj\lib\loader1.jar;C:\mpj\lib\loader2.jar;C:\mpj\lib\starter.jar;C:\mpj\lib\log4j-1.2.11.jar;C:\mpj\lib\daemonmanager.jar;C:\mpj\lib\javax.servlet.jar;C:\mpj\lib\runtimecommon.jar;C:\mpj\lib\commons-io-2.4.jar;C:\mpj\lib\commons-cli-1.2.jar;C:\mpj\lib\commons-codec-1.8.jar Main

Host: Intel(R) Core(TM) i3-3220 CPU @ 3.30GHz, 4 cores, 5G,  Windows 7 , 64 bit Build 7601 (6.1.7601.24545)
Time: Thu May 25 23:43:12 2023  Windows 7 , 64 bit Build 7601 (6.1.7601.24545) elapsed time: 0.696978 seconds (0d 0h 0m 0s)

---------------  T H R E A D  ---------------

Current thread (0x000000001c105a30):  VMThread "VM Thread" [stack: 0x000000001e730000,0x000000001e830000] [id=4340]

Stack: [0x000000001e730000,0x000000001e830000]
Native frames: (J=compiled Java code, j=interpreted, Vv=VM code, C=native code)
V  [jvm.dll+0x6bb95a]
V  [jvm.dll+0x8485fa]
V  [jvm.dll+0x84a1f5]
V  [jvm.dll+0x84a8f3]
V  [jvm.dll+0x280b0f]
V  [jvm.dll+0x6b86e9]
V  [jvm.dll+0x6ad2da]
V  [jvm.dll+0x35adf5]
V  [jvm.dll+0x363016]
V  [jvm.dll+0x3b3b3e]
V  [jvm.dll+0x3b3dc5]
V  [jvm.dll+0x32b50a]
V  [jvm.dll+0x32b5b7]
V  [jvm.dll+0x373942]
V  [jvm.dll+0x372140]
V  [jvm.dll+0x32ac51]
V  [jvm.dll+0x371836]
V  [jvm.dll+0x85023e]
V  [jvm.dll+0x851351]
V  [jvm.dll+0x851859]
V  [jvm.dll+0x851ad3]
V  [jvm.dll+0x7f4b56]
V  [jvm.dll+0x6ba5cb]
C  [ucrtbase.DLL+0x214c2]
C  [kernel32.dll+0x1556d]
C  [ntdll.dll+0x5372d]

VM_Operation (0x0000000024a8ece0): G1CollectForAllocation, mode: safepoint, requested by thread 0x00000000239d42c0


---------------  P R O C E S S  ---------------

Threads class SMR info:
_java_thread_list=0x00000000239ce600, length=15, elements={
0x0000000000118110, 0x000000001eb90fd0, 0x000000001eb91bd0, 0x000000001eb93430,
0x000000001eb96130, 0x000000001eb975c0, 0x000000001eb9b530, 0x000000001eb9ea70,
0x000000001eba0200, 0x000000001eca9360, 0x0000000023992500, 0x00000000239947e0,
0x00000000239d33a0, 0x00000000239d38f0, 0x00000000239d42c0
}

Java Threads: ( => current thread )
  0x0000000000118110 JavaThread "main" [_thread_blocked, id=10052, stack(0x0000000002130000,0x0000000002230000)]
  0x000000001eb90fd0 JavaThread "Reference Handler" daemon [_thread_blocked, id=4804, stack(0x000000001edb0000,0x000000001eeb0000)]
  0x000000001eb91bd0 JavaThread "Finalizer" daemon [_thread_blocked, id=6948, stack(0x0000000023010000,0x0000000023110000)]
  0x000000001eb93430 JavaThread "Signal Dispatcher" daemon [_thread_blocked, id=9100, stack(0x0000000023110000,0x0000000023210000)]
  0x000000001eb96130 JavaThread "Attach Listener" daemon [_thread_blocked, id=8468, stack(0x000000001ecb0000,0x000000001edb0000)]
  0x000000001eb975c0 JavaThread "Service Thread" daemon [_thread_blocked, id=3408, stack(0x00000000232f0000,0x00000000233f0000)]
  0x000000001eb9b530 JavaThread "Monitor Deflation Thread" daemon [_thread_blocked, id=4544, stack(0x0000000023410000,0x0000000023510000)]
  0x000000001eb9ea70 JavaThread "C2 CompilerThread0" daemon [_thread_blocked, id=4224, stack(0x0000000023560000,0x0000000023660000)]
  0x000000001eba0200 JavaThread "C1 CompilerThread0" daemon [_thread_blocked, id=5020, stack(0x000000001eeb0000,0x000000001efb0000)]
  0x000000001eca9360 JavaThread "Common-Cleaner" daemon [_thread_blocked, id=5760, stack(0x00000000236d0000,0x00000000237d0000)]
  0x0000000023992500 JavaThread "Monitor Ctrl-Break" daemon [_thread_in_native, id=8572, stack(0x0000000023c40000,0x0000000023d40000)]
  0x00000000239947e0 JavaThread "Notification Thread" daemon [_thread_blocked, id=3136, stack(0x0000000023fc0000,0x00000000240c0000)]
  0x00000000239d33a0 JavaThread "0" [_thread_blocked, id=8644, stack(0x00000000244e0000,0x00000000245e0000)]
  0x00000000239d38f0 JavaThread "1" [_thread_blocked, id=11032, stack(0x00000000247a0000,0x00000000248a0000)]
  0x00000000239d42c0 JavaThread "2" [_thread_blocked, id=2640, stack(0x0000000024990000,0x0000000024a90000)]

Other Threads:
=>0x000000001c105a30 VMThread "VM Thread" [stack: 0x000000001e730000,0x000000001e830000] [id=4340]
  0x0000000023992a50 WatcherThread "VM Periodic Task Thread" [stack: 0x0000000023e80000,0x0000000023f80000] [id=12004]
  0x000000000016af80 WorkerThread "GC Thread#0" [stack: 0x000000001bf20000,0x000000001c020000] [id=10800]
  0x00000000239e4cb0 WorkerThread "GC Thread#1" [stack: 0x0000000024ad0000,0x0000000024bd0000] [id=1380]
  0x00000000239e4f80 WorkerThread "GC Thread#2" [stack: 0x0000000024c90000,0x0000000024d90000] [id=12056]
  0x00000000239efc30 WorkerThread "GC Thread#3" [stack: 0x0000000024dd0000,0x0000000024ed0000] [id=7480]
  0x00000000001789f0 ConcurrentGCThread "G1 Main Marker" [stack: 0x000000001bda0000,0x000000001bea0000] [id=7216]
  0x00000000001797a0 WorkerThread "G1 Conc#0" [stack: 0x000000001c1b0000,0x000000001c2b0000] [id=7472]
  0x000000001c0a3fe0 ConcurrentGCThread "G1 Refine#0" [stack: 0x000000001e840000,0x000000001e940000] [id=11092]
  0x000000001c0a4890 ConcurrentGCThread "G1 Service" [stack: 0x000000001e9b0000,0x000000001eab0000] [id=11436]

Threads with active compile tasks:

VM state: at safepoint (normal execution)

VM Mutex/Monitor currently owned by a thread:  ([mutex/lock_event])
[0x0000000000114e20] Threads_lock - owner thread: 0x000000001c105a30
[0x0000000000114fd0] Heap_lock - owner thread: 0x00000000239d42c0

Heap address: 0x00000000a0800000, size: 1528 MB, Compressed Oops mode: 32-bit

CDS archive(s) mapped at: [0x0000000800000000-0x0000000800c60000-0x0000000800c60000), size 12976128, SharedBaseAddress: 0x0000000800000000, ArchiveRelocationMode: 0.
Compressed class space mapped at: 0x0000000801000000-0x0000000841000000, reserved size: 1073741824
Narrow klass base: 0x0000000800000000, Narrow klass shift: 0, Narrow klass range: 0x100000000

GC Precious Log:
 CardTable entry size: 512
 Card Set container configuration: InlinePtr #cards 5 size 8 Array Of Cards #cards 12 size 40 Howl #buckets 4 coarsen threshold 1843 Howl Bitmap #cards 512 size 80 coarsen threshold 460 Card regions per heap region 1 cards per card region 2048
 CPUs: 4 total, 4 available
 Memory: 6107M
 Large Page Support: Disabled
 NUMA Support: Disabled
 Compressed Oops: Enabled (32-bit)
 Heap Region Size: 1M
 Heap Min Capacity: 8M
 Heap Initial Capacity: 96M
 Heap Max Capacity: 1528M
 Pre-touch: Disabled
 Parallel Workers: 4
 Concurrent Workers: 1
 Concurrent Refinement Workers: 4
 Periodic GC: Disabled

Heap:
 garbage-first heap   total 294912K, used 212343K [0x00000000a0800000, 0x0000000100000000)
  region size 1024K, 3 young (3072K), 3 survivors (3072K)
 Metaspace       used 1040K, committed 1216K, reserved 1114112K
  class space    used 90K, committed 192K, reserved 1048576K

Heap Regions: E=young(eden), S=young(survivor), O=old, HS=humongous(starts), HC=humongous(continues), CS=collection set, F=free, OA=open archive, CA=closed archive, TAMS=top-at-mark-start, PB=parsable bottom
|   0|0x00000000a0800000, 0x00000000a0900000, 0x00000000a0900000|100%| O|  |TAMS 0x00000000a0900000| PB 0x00000000a0800000| Untracked 
|   1|0x00000000a0900000, 0x00000000a0a00000, 0x00000000a0a00000|100%| O|  |TAMS 0x00000000a0a00000| PB 0x00000000a0900000| Untracked 
|   2|0x00000000a0a00000, 0x00000000a0b00000, 0x00000000a0b00000|100%| O|  |TAMS 0x00000000a0b00000| PB 0x00000000a0a00000| Untracked 
|   3|0x00000000a0b00000, 0x00000000a0c00000, 0x00000000a0c00000|100%| O|  |TAMS 0x00000000a0c00000| PB 0x00000000a0b00000| Untracked 
|   4|0x00000000a0c00000, 0x00000000a0d00000, 0x00000000a0d00000|100%| O|  |TAMS 0x00000000a0d00000| PB 0x00000000a0c00000| Untracked 
|   5|0x00000000a0d00000, 0x00000000a0e00000, 0x00000000a0e00000|100%| O|  |TAMS 0x00000000a0e00000| PB 0x00000000a0d00000| Untracked 
|   6|0x00000000a0e00000, 0x00000000a0f00000, 0x00000000a0f00000|100%| O|  |TAMS 0x00000000a0f00000| PB 0x00000000a0e00000| Untracked 
|   7|0x00000000a0f00000, 0x00000000a1000000, 0x00000000a1000000|100%| O|  |TAMS 0x00000000a1000000| PB 0x00000000a0f00000| Untracked 
|   8|0x00000000a1000000, 0x00000000a1100000, 0x00000000a1100000|100%| O|  |TAMS 0x00000000a1100000| PB 0x00000000a1000000| Untracked 
|   9|0x00000000a1100000, 0x00000000a1200000, 0x00000000a1200000|100%| O|  |TAMS 0x00000000a1200000| PB 0x00000000a1100000| Untracked 
|  10|0x00000000a1200000, 0x00000000a1300000, 0x00000000a1300000|100%| O|  |TAMS 0x00000000a1300000| PB 0x00000000a1200000| Untracked 
|  11|0x00000000a1300000, 0x00000000a1400000, 0x00000000a1400000|100%| O|  |TAMS 0x00000000a1400000| PB 0x00000000a1300000| Untracked 
|  12|0x00000000a1400000, 0x00000000a1500000, 0x00000000a1500000|100%| O|  |TAMS 0x00000000a1500000| PB 0x00000000a1400000| Untracked 
|  13|0x00000000a1500000, 0x00000000a1600000, 0x00000000a1600000|100%| O|  |TAMS 0x00000000a1600000| PB 0x00000000a1500000| Untracked 
|  14|0x00000000a1600000, 0x00000000a1700000, 0x00000000a1700000|100%| O|  |TAMS 0x00000000a1700000| PB 0x00000000a1600000| Untracked 
|  15|0x00000000a1700000, 0x00000000a1800000, 0x00000000a1800000|100%| O|  |TAMS 0x00000000a1800000| PB 0x00000000a1700000| Untracked 
|  16|0x00000000a1800000, 0x00000000a1900000, 0x00000000a1900000|100%| O|  |TAMS 0x00000000a1900000| PB 0x00000000a1800000| Untracked 
|  17|0x00000000a1900000, 0x00000000a1a00000, 0x00000000a1a00000|100%| O|  |TAMS 0x00000000a1a00000| PB 0x00000000a1900000| Untracked 
|  18|0x00000000a1a00000, 0x00000000a1b00000, 0x00000000a1b00000|100%| O|  |TAMS 0x00000000a1b00000| PB 0x00000000a1a00000| Untracked 
|  19|0x00000000a1b00000, 0x00000000a1c00000, 0x00000000a1c00000|100%| O|  |TAMS 0x00000000a1c00000| PB 0x00000000a1b00000| Untracked 
|  20|0x00000000a1c00000, 0x00000000a1d00000, 0x00000000a1d00000|100%| O|  |TAMS 0x00000000a1d00000| PB 0x00000000a1c00000| Untracked 
|  21|0x00000000a1d00000, 0x00000000a1e00000, 0x00000000a1e00000|100%| O|  |TAMS 0x00000000a1e00000| PB 0x00000000a1d00000| Untracked 
|  22|0x00000000a1e00000, 0x00000000a1f00000, 0x00000000a1f00000|100%| O|  |TAMS 0x00000000a1f00000| PB 0x00000000a1e00000| Untracked 
|  23|0x00000000a1f00000, 0x00000000a2000000, 0x00000000a2000000|100%| O|  |TAMS 0x00000000a2000000| PB 0x00000000a1f00000| Untracked 
|  24|0x00000000a2000000, 0x00000000a2100000, 0x00000000a2100000|100%| O|  |TAMS 0x00000000a2100000| PB 0x00000000a2000000| Untracked 
|  25|0x00000000a2100000, 0x00000000a2200000, 0x00000000a2200000|100%| O|  |TAMS 0x00000000a2200000| PB 0x00000000a2100000| Untracked 
|  26|0x00000000a2200000, 0x00000000a2300000, 0x00000000a2300000|100%| O|  |TAMS 0x00000000a2300000| PB 0x00000000a2200000| Untracked 
|  27|0x00000000a2300000, 0x00000000a2400000, 0x00000000a2400000|100%| O|  |TAMS 0x00000000a2400000| PB 0x00000000a2300000| Untracked 
|  28|0x00000000a2400000, 0x00000000a2500000, 0x00000000a2500000|100%| O|  |TAMS 0x00000000a2500000| PB 0x00000000a2400000| Untracked 
|  29|0x00000000a2500000, 0x00000000a2600000, 0x00000000a2600000|100%| O|  |TAMS 0x00000000a2600000| PB 0x00000000a2500000| Untracked 
|  30|0x00000000a2600000, 0x00000000a2700000, 0x00000000a2700000|100%| O|  |TAMS 0x00000000a2700000| PB 0x00000000a2600000| Untracked 
|  31|0x00000000a2700000, 0x00000000a2800000, 0x00000000a2800000|100%| O|  |TAMS 0x00000000a2800000| PB 0x00000000a2700000| Untracked 
|  32|0x00000000a2800000, 0x00000000a2900000, 0x00000000a2900000|100%| O|  |TAMS 0x00000000a2900000| PB 0x00000000a2800000| Untracked 
|  33|0x00000000a2900000, 0x00000000a2a00000, 0x00000000a2a00000|100%| O|  |TAMS 0x00000000a2a00000| PB 0x00000000a2900000| Untracked 
|  34|0x00000000a2a00000, 0x00000000a2b00000, 0x00000000a2b00000|100%| O|  |TAMS 0x00000000a2b00000| PB 0x00000000a2a00000| Untracked 
|  35|0x00000000a2b00000, 0x00000000a2c00000, 0x00000000a2c00000|100%| O|  |TAMS 0x00000000a2c00000| PB 0x00000000a2b00000| Untracked 
|  36|0x00000000a2c00000, 0x00000000a2d00000, 0x00000000a2d00000|100%| O|  |TAMS 0x00000000a2d00000| PB 0x00000000a2c00000| Untracked 
|  37|0x00000000a2d00000, 0x00000000a2e00000, 0x00000000a2e00000|100%| O|  |TAMS 0x00000000a2e00000| PB 0x00000000a2d00000| Untracked 
|  38|0x00000000a2e00000, 0x00000000a2f00000, 0x00000000a2f00000|100%| O|  |TAMS 0x00000000a2f00000| PB 0x00000000a2e00000| Untracked 
|  39|0x00000000a2f00000, 0x00000000a3000000, 0x00000000a3000000|100%| O|  |TAMS 0x00000000a3000000| PB 0x00000000a2f00000| Untracked 
|  40|0x00000000a3000000, 0x00000000a3100000, 0x00000000a3100000|100%| O|  |TAMS 0x00000000a3100000| PB 0x00000000a3000000| Untracked 
|  41|0x00000000a3100000, 0x00000000a3200000, 0x00000000a3200000|100%| O|  |TAMS 0x00000000a3200000| PB 0x00000000a3100000| Untracked 
|  42|0x00000000a3200000, 0x00000000a3300000, 0x00000000a3300000|100%| O|  |TAMS 0x00000000a3300000| PB 0x00000000a3200000| Untracked 
|  43|0x00000000a3300000, 0x00000000a3400000, 0x00000000a3400000|100%| O|  |TAMS 0x00000000a3400000| PB 0x00000000a3300000| Untracked 
|  44|0x00000000a3400000, 0x00000000a3500000, 0x00000000a3500000|100%| O|  |TAMS 0x00000000a3500000| PB 0x00000000a3400000| Untracked 
|  45|0x00000000a3500000, 0x00000000a3600000, 0x00000000a3600000|100%| O|  |TAMS 0x00000000a3600000| PB 0x00000000a3500000| Untracked 
|  46|0x00000000a3600000, 0x00000000a3700000, 0x00000000a3700000|100%| O|  |TAMS 0x00000000a3700000| PB 0x00000000a3600000| Untracked 
|  47|0x00000000a3700000, 0x00000000a3800000, 0x00000000a3800000|100%| O|  |TAMS 0x00000000a3800000| PB 0x00000000a3700000| Untracked 
|  48|0x00000000a3800000, 0x00000000a3900000, 0x00000000a3900000|100%| O|  |TAMS 0x00000000a3900000| PB 0x00000000a3800000| Untracked 
|  49|0x00000000a3900000, 0x00000000a3a00000, 0x00000000a3a00000|100%| O|  |TAMS 0x00000000a3a00000| PB 0x00000000a3900000| Untracked 
|  50|0x00000000a3a00000, 0x00000000a3b00000, 0x00000000a3b00000|100%| O|  |TAMS 0x00000000a3b00000| PB 0x00000000a3a00000| Untracked 
|  51|0x00000000a3b00000, 0x00000000a3c00000, 0x00000000a3c00000|100%| O|  |TAMS 0x00000000a3c00000| PB 0x00000000a3b00000| Untracked 
|  52|0x00000000a3c00000, 0x00000000a3d00000, 0x00000000a3d00000|100%| O|  |TAMS 0x00000000a3d00000| PB 0x00000000a3c00000| Untracked 
|  53|0x00000000a3d00000, 0x00000000a3e00000, 0x00000000a3e00000|100%| O|  |TAMS 0x00000000a3e00000| PB 0x00000000a3d00000| Untracked 
|  54|0x00000000a3e00000, 0x00000000a3f00000, 0x00000000a3f00000|100%| O|  |TAMS 0x00000000a3f00000| PB 0x00000000a3e00000| Untracked 
|  55|0x00000000a3f00000, 0x00000000a4000000, 0x00000000a4000000|100%| O|  |TAMS 0x00000000a4000000| PB 0x00000000a3f00000| Untracked 
|  56|0x00000000a4000000, 0x00000000a4100000, 0x00000000a4100000|100%| O|  |TAMS 0x00000000a4100000| PB 0x00000000a4000000| Untracked 
|  57|0x00000000a4100000, 0x00000000a4200000, 0x00000000a4200000|100%| O|  |TAMS 0x00000000a4200000| PB 0x00000000a4100000| Untracked 
|  58|0x00000000a4200000, 0x00000000a4300000, 0x00000000a4300000|100%| O|  |TAMS 0x00000000a4300000| PB 0x00000000a4200000| Untracked 
|  59|0x00000000a4300000, 0x00000000a4400000, 0x00000000a4400000|100%| O|  |TAMS 0x00000000a4300000| PB 0x00000000a4300000| Untracked 
|  60|0x00000000a4400000, 0x00000000a4500000, 0x00000000a4500000|100%| O|  |TAMS 0x00000000a4500000| PB 0x00000000a4400000| Untracked 
|  61|0x00000000a4500000, 0x00000000a4600000, 0x00000000a4600000|100%| O|  |TAMS 0x00000000a4600000| PB 0x00000000a4500000| Untracked 
|  62|0x00000000a4600000, 0x00000000a4700000, 0x00000000a4700000|100%| O|  |TAMS 0x00000000a4700000| PB 0x00000000a4600000| Untracked 
|  63|0x00000000a4700000, 0x00000000a4800000, 0x00000000a4800000|100%| O|  |TAMS 0x00000000a4800000| PB 0x00000000a4700000| Untracked 
|  64|0x00000000a4800000, 0x00000000a4900000, 0x00000000a4900000|100%| O|  |TAMS 0x00000000a4900000| PB 0x00000000a4800000| Untracked 
|  65|0x00000000a4900000, 0x00000000a4a00000, 0x00000000a4a00000|100%| O|  |TAMS 0x00000000a4a00000| PB 0x00000000a4900000| Untracked 
|  66|0x00000000a4a00000, 0x00000000a4b00000, 0x00000000a4b00000|100%| O|  |TAMS 0x00000000a4b00000| PB 0x00000000a4a00000| Untracked 
|  67|0x00000000a4b00000, 0x00000000a4c00000, 0x00000000a4c00000|100%| O|  |TAMS 0x00000000a4c00000| PB 0x00000000a4b00000| Untracked 
|  68|0x00000000a4c00000, 0x00000000a4d00000, 0x00000000a4d00000|100%| O|  |TAMS 0x00000000a4d00000| PB 0x00000000a4c00000| Untracked 
|  69|0x00000000a4d00000, 0x00000000a4e00000, 0x00000000a4e00000|100%| O|  |TAMS 0x00000000a4e00000| PB 0x00000000a4d00000| Untracked 
|  70|0x00000000a4e00000, 0x00000000a4f00000, 0x00000000a4f00000|100%| O|  |TAMS 0x00000000a4f00000| PB 0x00000000a4e00000| Untracked 
|  71|0x00000000a4f00000, 0x00000000a5000000, 0x00000000a5000000|100%| O|  |TAMS 0x00000000a5000000| PB 0x00000000a4f00000| Untracked 
|  72|0x00000000a5000000, 0x00000000a5100000, 0x00000000a5100000|100%| O|  |TAMS 0x00000000a5100000| PB 0x00000000a5000000| Untracked 
|  73|0x00000000a5100000, 0x00000000a5200000, 0x00000000a5200000|100%| O|  |TAMS 0x00000000a5200000| PB 0x00000000a5100000| Untracked 
|  74|0x00000000a5200000, 0x00000000a5300000, 0x00000000a5300000|100%| O|  |TAMS 0x00000000a5300000| PB 0x00000000a5200000| Untracked 
|  75|0x00000000a5300000, 0x00000000a5400000, 0x00000000a5400000|100%| O|  |TAMS 0x00000000a5400000| PB 0x00000000a5300000| Untracked 
|  76|0x00000000a5400000, 0x00000000a5500000, 0x00000000a5500000|100%| O|  |TAMS 0x00000000a5500000| PB 0x00000000a5400000| Untracked 
|  77|0x00000000a5500000, 0x00000000a5600000, 0x00000000a5600000|100%| O|  |TAMS 0x00000000a5600000| PB 0x00000000a5500000| Untracked 
|  78|0x00000000a5600000, 0x00000000a5700000, 0x00000000a5700000|100%| O|  |TAMS 0x00000000a5700000| PB 0x00000000a5600000| Untracked 
|  79|0x00000000a5700000, 0x00000000a5800000, 0x00000000a5800000|100%| O|  |TAMS 0x00000000a5800000| PB 0x00000000a5700000| Untracked 
|  80|0x00000000a5800000, 0x00000000a5900000, 0x00000000a5900000|100%| O|  |TAMS 0x00000000a5900000| PB 0x00000000a5800000| Untracked 
|  81|0x00000000a5900000, 0x00000000a5a00000, 0x00000000a5a00000|100%| O|  |TAMS 0x00000000a5a00000| PB 0x00000000a5900000| Untracked 
|  82|0x00000000a5a00000, 0x00000000a5b00000, 0x00000000a5b00000|100%| O|  |TAMS 0x00000000a5b00000| PB 0x00000000a5a00000| Untracked 
|  83|0x00000000a5b00000, 0x00000000a5c00000, 0x00000000a5c00000|100%| O|  |TAMS 0x00000000a5c00000| PB 0x00000000a5b00000| Untracked 
|  84|0x00000000a5c00000, 0x00000000a5d00000, 0x00000000a5d00000|100%| O|  |TAMS 0x00000000a5d00000| PB 0x00000000a5c00000| Untracked 
|  85|0x00000000a5d00000, 0x00000000a5e00000, 0x00000000a5e00000|100%| O|  |TAMS 0x00000000a5e00000| PB 0x00000000a5d00000| Untracked 
|  86|0x00000000a5e00000, 0x00000000a5f00000, 0x00000000a5f00000|100%| O|  |TAMS 0x00000000a5f00000| PB 0x00000000a5e00000| Untracked 
|  87|0x00000000a5f00000, 0x00000000a6000000, 0x00000000a6000000|100%| O|  |TAMS 0x00000000a6000000| PB 0x00000000a5f00000| Untracked 
|  88|0x00000000a6000000, 0x00000000a6100000, 0x00000000a6100000|100%| O|  |TAMS 0x00000000a6100000| PB 0x00000000a6000000| Untracked 
|  89|0x00000000a6100000, 0x00000000a6200000, 0x00000000a6200000|100%| O|  |TAMS 0x00000000a6200000| PB 0x00000000a6100000| Untracked 
|  90|0x00000000a6200000, 0x00000000a6300000, 0x00000000a6300000|100%| O|  |TAMS 0x00000000a6300000| PB 0x00000000a6200000| Untracked 
|  91|0x00000000a6300000, 0x00000000a6400000, 0x00000000a6400000|100%| O|  |TAMS 0x00000000a6400000| PB 0x00000000a6300000| Untracked 
|  92|0x00000000a6400000, 0x00000000a6500000, 0x00000000a6500000|100%| O|  |TAMS 0x00000000a6500000| PB 0x00000000a6400000| Untracked 
|  93|0x00000000a6500000, 0x00000000a6600000, 0x00000000a6600000|100%| O|  |TAMS 0x00000000a6600000| PB 0x00000000a6500000| Untracked 
|  94|0x00000000a6600000, 0x00000000a6700000, 0x00000000a6700000|100%| O|  |TAMS 0x00000000a6700000| PB 0x00000000a6600000| Untracked 
|  95|0x00000000a6700000, 0x00000000a6800000, 0x00000000a6800000|100%| O|  |TAMS 0x00000000a6800000| PB 0x00000000a6700000| Untracked 
|  96|0x00000000a6800000, 0x00000000a6900000, 0x00000000a6900000|100%| O|  |TAMS 0x00000000a6900000| PB 0x00000000a6800000| Untracked 
|  97|0x00000000a6900000, 0x00000000a6a00000, 0x00000000a6a00000|100%| O|  |TAMS 0x00000000a6a00000| PB 0x00000000a6900000| Untracked 
|  98|0x00000000a6a00000, 0x00000000a6b00000, 0x00000000a6b00000|100%| O|  |TAMS 0x00000000a6b00000| PB 0x00000000a6a00000| Untracked 
|  99|0x00000000a6b00000, 0x00000000a6c00000, 0x00000000a6c00000|100%| O|  |TAMS 0x00000000a6c00000| PB 0x00000000a6b00000| Untracked 
| 100|0x00000000a6c00000, 0x00000000a6d00000, 0x00000000a6d00000|100%| O|  |TAMS 0x00000000a6d00000| PB 0x00000000a6c00000| Untracked 
| 101|0x00000000a6d00000, 0x00000000a6e00000, 0x00000000a6e00000|100%| O|  |TAMS 0x00000000a6e00000| PB 0x00000000a6d00000| Untracked 
| 102|0x00000000a6e00000, 0x00000000a6f00000, 0x00000000a6f00000|100%| O|  |TAMS 0x00000000a6f00000| PB 0x00000000a6e00000| Untracked 
| 103|0x00000000a6f00000, 0x00000000a7000000, 0x00000000a7000000|100%| O|  |TAMS 0x00000000a7000000| PB 0x00000000a6f00000| Untracked 
| 104|0x00000000a7000000, 0x00000000a7100000, 0x00000000a7100000|100%| O|  |TAMS 0x00000000a7100000| PB 0x00000000a7000000| Untracked 
| 105|0x00000000a7100000, 0x00000000a7200000, 0x00000000a7200000|100%| O|  |TAMS 0x00000000a7200000| PB 0x00000000a7100000| Untracked 
| 106|0x00000000a7200000, 0x00000000a7300000, 0x00000000a7300000|100%| O|  |TAMS 0x00000000a7300000| PB 0x00000000a7200000| Untracked 
| 107|0x00000000a7300000, 0x00000000a7400000, 0x00000000a7400000|100%| O|  |TAMS 0x00000000a7400000| PB 0x00000000a7300000| Untracked 
| 108|0x00000000a7400000, 0x00000000a7500000, 0x00000000a7500000|100%| O|  |TAMS 0x00000000a7500000| PB 0x00000000a7400000| Untracked 
| 109|0x00000000a7500000, 0x00000000a7600000, 0x00000000a7600000|100%| O|  |TAMS 0x00000000a7600000| PB 0x00000000a7500000| Untracked 
| 110|0x00000000a7600000, 0x00000000a7700000, 0x00000000a7700000|100%| O|  |TAMS 0x00000000a7700000| PB 0x00000000a7600000| Untracked 
| 111|0x00000000a7700000, 0x00000000a7800000, 0x00000000a7800000|100%| O|  |TAMS 0x00000000a7800000| PB 0x00000000a7700000| Untracked 
| 112|0x00000000a7800000, 0x00000000a7900000, 0x00000000a7900000|100%| O|  |TAMS 0x00000000a7900000| PB 0x00000000a7800000| Untracked 
| 113|0x00000000a7900000, 0x00000000a7a00000, 0x00000000a7a00000|100%| O|  |TAMS 0x00000000a7a00000| PB 0x00000000a7900000| Untracked 
| 114|0x00000000a7a00000, 0x00000000a7b00000, 0x00000000a7b00000|100%| O|  |TAMS 0x00000000a7b00000| PB 0x00000000a7a00000| Untracked 
| 115|0x00000000a7b00000, 0x00000000a7c00000, 0x00000000a7c00000|100%| O|  |TAMS 0x00000000a7c00000| PB 0x00000000a7b00000| Untracked 
| 116|0x00000000a7c00000, 0x00000000a7d00000, 0x00000000a7d00000|100%| O|  |TAMS 0x00000000a7d00000| PB 0x00000000a7c00000| Untracked 
| 117|0x00000000a7d00000, 0x00000000a7e00000, 0x00000000a7e00000|100%| O|  |TAMS 0x00000000a7e00000| PB 0x00000000a7d00000| Untracked 
| 118|0x00000000a7e00000, 0x00000000a7f00000, 0x00000000a7f00000|100%| O|  |TAMS 0x00000000a7f00000| PB 0x00000000a7e00000| Untracked 
| 119|0x00000000a7f00000, 0x00000000a8000000, 0x00000000a8000000|100%| O|  |TAMS 0x00000000a8000000| PB 0x00000000a7f00000| Untracked 
| 120|0x00000000a8000000, 0x00000000a8100000, 0x00000000a8100000|100%| O|  |TAMS 0x00000000a8100000| PB 0x00000000a8000000| Untracked 
| 121|0x00000000a8100000, 0x00000000a8200000, 0x00000000a8200000|100%| O|  |TAMS 0x00000000a8200000| PB 0x00000000a8100000| Untracked 
| 122|0x00000000a8200000, 0x00000000a8300000, 0x00000000a8300000|100%| O|  |TAMS 0x00000000a8300000| PB 0x00000000a8200000| Untracked 
| 123|0x00000000a8300000, 0x00000000a8400000, 0x00000000a8400000|100%| O|  |TAMS 0x00000000a8375600| PB 0x00000000a8300000| Untracked 
| 124|0x00000000a8400000, 0x00000000a8500000, 0x00000000a8500000|100%| O|  |TAMS 0x00000000a8400000| PB 0x00000000a8400000| Untracked 
| 125|0x00000000a8500000, 0x00000000a8600000, 0x00000000a8600000|100%| O|  |TAMS 0x00000000a8500000| PB 0x00000000a8500000| Untracked 
| 126|0x00000000a8600000, 0x00000000a8700000, 0x00000000a8700000|100%| O|  |TAMS 0x00000000a8600000| PB 0x00000000a8600000| Untracked 
| 127|0x00000000a8700000, 0x00000000a8800000, 0x00000000a8800000|100%| O|  |TAMS 0x00000000a8700000| PB 0x00000000a8700000| Untracked 
| 128|0x00000000a8800000, 0x00000000a8900000, 0x00000000a8900000|100%| O|  |TAMS 0x00000000a8800000| PB 0x00000000a8800000| Untracked 
| 129|0x00000000a8900000, 0x00000000a8a00000, 0x00000000a8a00000|100%| O|  |TAMS 0x00000000a8900000| PB 0x00000000a8900000| Untracked 
| 130|0x00000000a8a00000, 0x00000000a8b00000, 0x00000000a8b00000|100%| O|  |TAMS 0x00000000a8a00000| PB 0x00000000a8a00000| Untracked 
| 131|0x00000000a8b00000, 0x00000000a8c00000, 0x00000000a8c00000|100%| O|  |TAMS 0x00000000a8b00000| PB 0x00000000a8b00000| Untracked 
| 132|0x00000000a8c00000, 0x00000000a8d00000, 0x00000000a8d00000|100%| O|  |TAMS 0x00000000a8c00000| PB 0x00000000a8c00000| Untracked 
| 133|0x00000000a8d00000, 0x00000000a8e00000, 0x00000000a8e00000|100%| O|  |TAMS 0x00000000a8d00000| PB 0x00000000a8d00000| Untracked 
| 134|0x00000000a8e00000, 0x00000000a8f00000, 0x00000000a8f00000|100%| O|  |TAMS 0x00000000a8e00000| PB 0x00000000a8e00000| Untracked 
| 135|0x00000000a8f00000, 0x00000000a9000000, 0x00000000a9000000|100%| O|  |TAMS 0x00000000a8f00000| PB 0x00000000a8f00000| Untracked 
| 136|0x00000000a9000000, 0x00000000a9100000, 0x00000000a9100000|100%| O|  |TAMS 0x00000000a9000000| PB 0x00000000a9000000| Untracked 
| 137|0x00000000a9100000, 0x00000000a9200000, 0x00000000a9200000|100%| O|  |TAMS 0x00000000a9100000| PB 0x00000000a9100000| Untracked 
| 138|0x00000000a9200000, 0x00000000a9300000, 0x00000000a9300000|100%| O|  |TAMS 0x00000000a9200000| PB 0x00000000a9200000| Untracked 
| 139|0x00000000a9300000, 0x00000000a9400000, 0x00000000a9400000|100%| O|  |TAMS 0x00000000a9300000| PB 0x00000000a9300000| Untracked 
| 140|0x00000000a9400000, 0x00000000a9500000, 0x00000000a9500000|100%| O|  |TAMS 0x00000000a9400000| PB 0x00000000a9400000| Untracked 
| 141|0x00000000a9500000, 0x00000000a9600000, 0x00000000a9600000|100%| O|  |TAMS 0x00000000a9500000| PB 0x00000000a9500000| Untracked 
| 142|0x00000000a9600000, 0x00000000a9700000, 0x00000000a9700000|100%| O|  |TAMS 0x00000000a9600000| PB 0x00000000a9600000| Untracked 
| 143|0x00000000a9700000, 0x00000000a9800000, 0x00000000a9800000|100%| O|  |TAMS 0x00000000a9700000| PB 0x00000000a9700000| Untracked 
| 144|0x00000000a9800000, 0x00000000a9900000, 0x00000000a9900000|100%| O|  |TAMS 0x00000000a9800000| PB 0x00000000a9800000| Untracked 
| 145|0x00000000a9900000, 0x00000000a9a00000, 0x00000000a9a00000|100%| O|  |TAMS 0x00000000a9900000| PB 0x00000000a9900000| Untracked 
| 146|0x00000000a9a00000, 0x00000000a9b00000, 0x00000000a9b00000|100%| O|  |TAMS 0x00000000a9a00000| PB 0x00000000a9a00000| Untracked 
| 147|0x00000000a9b00000, 0x00000000a9c00000, 0x00000000a9c00000|100%| O|  |TAMS 0x00000000a9b00000| PB 0x00000000a9b00000| Untracked 
| 148|0x00000000a9c00000, 0x00000000a9d00000, 0x00000000a9d00000|100%| O|  |TAMS 0x00000000a9c00000| PB 0x00000000a9c00000| Untracked 
| 149|0x00000000a9d00000, 0x00000000a9e00000, 0x00000000a9e00000|100%| O|  |TAMS 0x00000000a9d00000| PB 0x00000000a9d00000| Untracked 
| 150|0x00000000a9e00000, 0x00000000a9f00000, 0x00000000a9f00000|100%| O|  |TAMS 0x00000000a9e00000| PB 0x00000000a9e00000| Untracked 
| 151|0x00000000a9f00000, 0x00000000aa000000, 0x00000000aa000000|100%| O|  |TAMS 0x00000000a9f00000| PB 0x00000000a9f00000| Untracked 
| 152|0x00000000aa000000, 0x00000000aa100000, 0x00000000aa100000|100%| O|  |TAMS 0x00000000aa000000| PB 0x00000000aa000000| Untracked 
| 153|0x00000000aa100000, 0x00000000aa200000, 0x00000000aa200000|100%| O|  |TAMS 0x00000000aa100000| PB 0x00000000aa100000| Untracked 
| 154|0x00000000aa200000, 0x00000000aa300000, 0x00000000aa300000|100%| O|  |TAMS 0x00000000aa200000| PB 0x00000000aa200000| Untracked 
| 155|0x00000000aa300000, 0x00000000aa400000, 0x00000000aa400000|100%| O|  |TAMS 0x00000000aa300000| PB 0x00000000aa300000| Untracked 
| 156|0x00000000aa400000, 0x00000000aa500000, 0x00000000aa500000|100%| O|  |TAMS 0x00000000aa400000| PB 0x00000000aa400000| Untracked 
| 157|0x00000000aa500000, 0x00000000aa600000, 0x00000000aa600000|100%| O|  |TAMS 0x00000000aa500000| PB 0x00000000aa500000| Untracked 
| 158|0x00000000aa600000, 0x00000000aa700000, 0x00000000aa700000|100%| O|  |TAMS 0x00000000aa600000| PB 0x00000000aa600000| Untracked 
| 159|0x00000000aa700000, 0x00000000aa800000, 0x00000000aa800000|100%| O|  |TAMS 0x00000000aa700000| PB 0x00000000aa700000| Untracked 
| 160|0x00000000aa800000, 0x00000000aa900000, 0x00000000aa900000|100%| O|  |TAMS 0x00000000aa800000| PB 0x00000000aa800000| Untracked 
| 161|0x00000000aa900000, 0x00000000aaa00000, 0x00000000aaa00000|100%| O|  |TAMS 0x00000000aa900000| PB 0x00000000aa900000| Untracked 
| 162|0x00000000aaa00000, 0x00000000aab00000, 0x00000000aab00000|100%| O|  |TAMS 0x00000000aaa00000| PB 0x00000000aaa00000| Untracked 
| 163|0x00000000aab00000, 0x00000000aac00000, 0x00000000aac00000|100%| O|  |TAMS 0x00000000aab00000| PB 0x00000000aab00000| Untracked 
| 164|0x00000000aac00000, 0x00000000aad00000, 0x00000000aad00000|100%| O|  |TAMS 0x00000000aac00000| PB 0x00000000aac00000| Untracked 
| 165|0x00000000aad00000, 0x00000000aae00000, 0x00000000aae00000|100%| O|  |TAMS 0x00000000aad00000| PB 0x00000000aad00000| Untracked 
| 166|0x00000000aae00000, 0x00000000aaf00000, 0x00000000aaf00000|100%| O|  |TAMS 0x00000000aae00000| PB 0x00000000aae00000| Untracked 
| 167|0x00000000aaf00000, 0x00000000ab000000, 0x00000000ab000000|100%| O|  |TAMS 0x00000000aaf00000| PB 0x00000000aaf00000| Untracked 
| 168|0x00000000ab000000, 0x00000000ab100000, 0x00000000ab100000|100%| O|  |TAMS 0x00000000ab000000| PB 0x00000000ab000000| Untracked 
| 169|0x00000000ab100000, 0x00000000ab200000, 0x00000000ab200000|100%| O|  |TAMS 0x00000000ab100000| PB 0x00000000ab100000| Untracked 
| 170|0x00000000ab200000, 0x00000000ab300000, 0x00000000ab300000|100%| O|  |TAMS 0x00000000ab200000| PB 0x00000000ab200000| Untracked 
| 171|0x00000000ab300000, 0x00000000ab400000, 0x00000000ab400000|100%| O|  |TAMS 0x00000000ab300000| PB 0x00000000ab300000| Untracked 
| 172|0x00000000ab400000, 0x00000000ab500000, 0x00000000ab500000|100%| O|  |TAMS 0x00000000ab400000| PB 0x00000000ab400000| Untracked 
| 173|0x00000000ab500000, 0x00000000ab600000, 0x00000000ab600000|100%| O|  |TAMS 0x00000000ab500000| PB 0x00000000ab500000| Untracked 
| 174|0x00000000ab600000, 0x00000000ab700000, 0x00000000ab700000|100%| O|  |TAMS 0x00000000ab600000| PB 0x00000000ab600000| Untracked 
| 175|0x00000000ab700000, 0x00000000ab800000, 0x00000000ab800000|100%| O|  |TAMS 0x00000000ab700000| PB 0x00000000ab700000| Untracked 
| 176|0x00000000ab800000, 0x00000000ab900000, 0x00000000ab900000|100%| O|  |TAMS 0x00000000ab800000| PB 0x00000000ab800000| Untracked 
| 177|0x00000000ab900000, 0x00000000aba00000, 0x00000000aba00000|100%| O|  |TAMS 0x00000000ab900000| PB 0x00000000ab900000| Untracked 
| 178|0x00000000aba00000, 0x00000000abb00000, 0x00000000abb00000|100%| O|  |TAMS 0x00000000aba00000| PB 0x00000000aba00000| Untracked 
| 179|0x00000000abb00000, 0x00000000abc00000, 0x00000000abc00000|100%| O|  |TAMS 0x00000000abb00000| PB 0x00000000abb00000| Untracked 
| 180|0x00000000abc00000, 0x00000000abd00000, 0x00000000abd00000|100%| O|  |TAMS 0x00000000abc00000| PB 0x00000000abc00000| Untracked 
| 181|0x00000000abd00000, 0x00000000abe00000, 0x00000000abe00000|100%| O|  |TAMS 0x00000000abd00000| PB 0x00000000abd00000| Untracked 
| 182|0x00000000abe00000, 0x00000000abf00000, 0x00000000abf00000|100%| O|  |TAMS 0x00000000abe00000| PB 0x00000000abe00000| Untracked 
| 183|0x00000000abf00000, 0x00000000ac000000, 0x00000000ac000000|100%| O|  |TAMS 0x00000000abf00000| PB 0x00000000abf00000| Untracked 
| 184|0x00000000ac000000, 0x00000000ac100000, 0x00000000ac100000|100%| O|  |TAMS 0x00000000ac000000| PB 0x00000000ac000000| Untracked 
| 185|0x00000000ac100000, 0x00000000ac200000, 0x00000000ac200000|100%| O|  |TAMS 0x00000000ac100000| PB 0x00000000ac100000| Untracked 
| 186|0x00000000ac200000, 0x00000000ac300000, 0x00000000ac300000|100%| O|  |TAMS 0x00000000ac200000| PB 0x00000000ac200000| Untracked 
| 187|0x00000000ac300000, 0x00000000ac400000, 0x00000000ac400000|100%| O|  |TAMS 0x00000000ac300000| PB 0x00000000ac300000| Untracked 
| 188|0x00000000ac400000, 0x00000000ac500000, 0x00000000ac500000|100%| O|  |TAMS 0x00000000ac400000| PB 0x00000000ac400000| Untracked 
| 189|0x00000000ac500000, 0x00000000ac600000, 0x00000000ac600000|100%| O|  |TAMS 0x00000000ac500000| PB 0x00000000ac500000| Untracked 
| 190|0x00000000ac600000, 0x00000000ac700000, 0x00000000ac700000|100%| O|  |TAMS 0x00000000ac600000| PB 0x00000000ac600000| Untracked 
| 191|0x00000000ac700000, 0x00000000ac800000, 0x00000000ac800000|100%| O|  |TAMS 0x00000000ac700000| PB 0x00000000ac700000| Untracked 
| 192|0x00000000ac800000, 0x00000000ac900000, 0x00000000ac900000|100%| O|  |TAMS 0x00000000ac800000| PB 0x00000000ac800000| Untracked 
| 193|0x00000000ac900000, 0x00000000aca00000, 0x00000000aca00000|100%| O|  |TAMS 0x00000000ac900000| PB 0x00000000ac900000| Untracked 
| 194|0x00000000aca00000, 0x00000000acb00000, 0x00000000acb00000|100%| O|  |TAMS 0x00000000aca00000| PB 0x00000000aca00000| Untracked 
| 195|0x00000000acb00000, 0x00000000acc00000, 0x00000000acc00000|100%| O|  |TAMS 0x00000000acb00000| PB 0x00000000acb00000| Untracked 
| 196|0x00000000acc00000, 0x00000000acd00000, 0x00000000acd00000|100%| O|  |TAMS 0x00000000acc00000| PB 0x00000000acc00000| Untracked 
| 197|0x00000000acd00000, 0x00000000ace00000, 0x00000000ace00000|100%| O|  |TAMS 0x00000000acd00000| PB 0x00000000acd00000| Untracked 
| 198|0x00000000ace00000, 0x00000000acf00000, 0x00000000acf00000|100%| O|  |TAMS 0x00000000ace00000| PB 0x00000000ace00000| Untracked 
| 199|0x00000000acf00000, 0x00000000ad000000, 0x00000000ad000000|100%| O|  |TAMS 0x00000000acf00000| PB 0x00000000acf00000| Untracked 
| 200|0x00000000ad000000, 0x00000000ad100000, 0x00000000ad100000|100%| O|  |TAMS 0x00000000ad000000| PB 0x00000000ad000000| Untracked 
| 201|0x00000000ad100000, 0x00000000ad200000, 0x00000000ad200000|100%| O|  |TAMS 0x00000000ad100000| PB 0x00000000ad100000| Untracked 
| 202|0x00000000ad200000, 0x00000000ad300000, 0x00000000ad300000|100%| O|  |TAMS 0x00000000ad200000| PB 0x00000000ad200000| Untracked 
| 203|0x00000000ad300000, 0x00000000ad400000, 0x00000000ad400000|100%| O|  |TAMS 0x00000000ad300000| PB 0x00000000ad300000| Untracked 
| 204|0x00000000ad400000, 0x00000000ad45de00, 0x00000000ad500000| 36%| O|  |TAMS 0x00000000ad400000| PB 0x00000000ad400000| Untracked 
| 205|0x00000000ad500000, 0x00000000ad500000, 0x00000000ad600000|  0%| F|  |TAMS 0x00000000ad500000| PB 0x00000000ad500000| Untracked 
| 206|0x00000000ad600000, 0x00000000ad600000, 0x00000000ad700000|  0%| F|  |TAMS 0x00000000ad600000| PB 0x00000000ad600000| Untracked 
| 207|0x00000000ad700000, 0x00000000ad700000, 0x00000000ad800000|  0%| F|  |TAMS 0x00000000ad700000| PB 0x00000000ad700000| Untracked 
| 208|0x00000000ad800000, 0x00000000ad800000, 0x00000000ad900000|  0%| F|  |TAMS 0x00000000ad800000| PB 0x00000000ad800000| Untracked 
| 209|0x00000000ad900000, 0x00000000ad900000, 0x00000000ada00000|  0%| F|  |TAMS 0x00000000ad900000| PB 0x00000000ad900000| Untracked 
| 210|0x00000000ada00000, 0x00000000ada00000, 0x00000000adb00000|  0%| F|  |TAMS 0x00000000ada00000| PB 0x00000000ada00000| Untracked 
| 211|0x00000000adb00000, 0x00000000adb00000, 0x00000000adc00000|  0%| F|  |TAMS 0x00000000adb00000| PB 0x00000000adb00000| Untracked 
| 212|0x00000000adc00000, 0x00000000adc00000, 0x00000000add00000|  0%| F|  |TAMS 0x00000000adc00000| PB 0x00000000adc00000| Untracked 
| 213|0x00000000add00000, 0x00000000add00000, 0x00000000ade00000|  0%| F|  |TAMS 0x00000000add00000| PB 0x00000000add00000| Untracked 
| 214|0x00000000ade00000, 0x00000000ade00000, 0x00000000adf00000|  0%| F|  |TAMS 0x00000000ade00000| PB 0x00000000ade00000| Untracked 
| 215|0x00000000adf00000, 0x00000000adf00000, 0x00000000ae000000|  0%| F|  |TAMS 0x00000000adf00000| PB 0x00000000adf00000| Untracked 
| 216|0x00000000ae000000, 0x00000000ae000000, 0x00000000ae100000|  0%| F|  |TAMS 0x00000000ae000000| PB 0x00000000ae000000| Untracked 
| 217|0x00000000ae100000, 0x00000000ae100000, 0x00000000ae200000|  0%| F|  |TAMS 0x00000000ae100000| PB 0x00000000ae100000| Untracked 
| 218|0x00000000ae200000, 0x00000000ae200000, 0x00000000ae300000|  0%| F|  |TAMS 0x00000000ae200000| PB 0x00000000ae200000| Untracked 
| 219|0x00000000ae300000, 0x00000000ae300000, 0x00000000ae400000|  0%| F|  |TAMS 0x00000000ae300000| PB 0x00000000ae300000| Untracked 
| 220|0x00000000ae400000, 0x00000000ae400000, 0x00000000ae500000|  0%| F|  |TAMS 0x00000000ae400000| PB 0x00000000ae400000| Untracked 
| 221|0x00000000ae500000, 0x00000000ae500000, 0x00000000ae600000|  0%| F|  |TAMS 0x00000000ae500000| PB 0x00000000ae500000| Untracked 
| 222|0x00000000ae600000, 0x00000000ae600000, 0x00000000ae700000|  0%| F|  |TAMS 0x00000000ae600000| PB 0x00000000ae600000| Untracked 
| 223|0x00000000ae700000, 0x00000000ae700000, 0x00000000ae800000|  0%| F|  |TAMS 0x00000000ae700000| PB 0x00000000ae700000| Untracked 
| 224|0x00000000ae800000, 0x00000000ae800000, 0x00000000ae900000|  0%| F|  |TAMS 0x00000000ae800000| PB 0x00000000ae800000| Untracked 
| 225|0x00000000ae900000, 0x00000000ae900000, 0x00000000aea00000|  0%| F|  |TAMS 0x00000000ae900000| PB 0x00000000ae900000| Untracked 
| 226|0x00000000aea00000, 0x00000000aea00000, 0x00000000aeb00000|  0%| F|  |TAMS 0x00000000aea00000| PB 0x00000000aea00000| Untracked 
| 227|0x00000000aeb00000, 0x00000000aeb00000, 0x00000000aec00000|  0%| F|  |TAMS 0x00000000aeb00000| PB 0x00000000aeb00000| Untracked 
| 228|0x00000000aec00000, 0x00000000aec00000, 0x00000000aed00000|  0%| F|  |TAMS 0x00000000aec00000| PB 0x00000000aec00000| Untracked 
| 229|0x00000000aed00000, 0x00000000aed00000, 0x00000000aee00000|  0%| F|  |TAMS 0x00000000aed00000| PB 0x00000000aed00000| Untracked 
| 230|0x00000000aee00000, 0x00000000aef00000, 0x00000000aef00000|100%| S|CS|TAMS 0x00000000aee00000| PB 0x00000000aee00000| Complete 
| 231|0x00000000aef00000, 0x00000000af000000, 0x00000000af000000|100%| S|CS|TAMS 0x00000000aef00000| PB 0x00000000aef00000| Complete 
| 232|0x00000000af000000, 0x00000000af100000, 0x00000000af100000|100%| S|CS|TAMS 0x00000000af000000| PB 0x00000000af000000| Complete 
| 233|0x00000000af100000, 0x00000000af100000, 0x00000000af200000|  0%| F|  |TAMS 0x00000000af100000| PB 0x00000000af100000| Untracked 
| 234|0x00000000af200000, 0x00000000af200000, 0x00000000af300000|  0%| F|  |TAMS 0x00000000af200000| PB 0x00000000af200000| Untracked 
| 235|0x00000000af300000, 0x00000000af300000, 0x00000000af400000|  0%| F|  |TAMS 0x00000000af300000| PB 0x00000000af300000| Untracked 
| 236|0x00000000af400000, 0x00000000af400000, 0x00000000af500000|  0%| F|  |TAMS 0x00000000af400000| PB 0x00000000af400000| Untracked 
| 237|0x00000000af500000, 0x00000000af500000, 0x00000000af600000|  0%| F|  |TAMS 0x00000000af500000| PB 0x00000000af500000| Untracked 
| 238|0x00000000af600000, 0x00000000af600000, 0x00000000af700000|  0%| F|  |TAMS 0x00000000af600000| PB 0x00000000af600000| Untracked 
| 239|0x00000000af700000, 0x00000000af700000, 0x00000000af800000|  0%| F|  |TAMS 0x00000000af700000| PB 0x00000000af700000| Untracked 
| 240|0x00000000af800000, 0x00000000af800000, 0x00000000af900000|  0%| F|  |TAMS 0x00000000af800000| PB 0x00000000af800000| Untracked 
| 241|0x00000000af900000, 0x00000000af900000, 0x00000000afa00000|  0%| F|  |TAMS 0x00000000af900000| PB 0x00000000af900000| Untracked 
| 242|0x00000000afa00000, 0x00000000afa00000, 0x00000000afb00000|  0%| F|  |TAMS 0x00000000afa00000| PB 0x00000000afa00000| Untracked 
| 243|0x00000000afb00000, 0x00000000afb00000, 0x00000000afc00000|  0%| F|  |TAMS 0x00000000afb00000| PB 0x00000000afb00000| Untracked 
| 244|0x00000000afc00000, 0x00000000afc00000, 0x00000000afd00000|  0%| F|  |TAMS 0x00000000afc00000| PB 0x00000000afc00000| Untracked 
| 245|0x00000000afd00000, 0x00000000afd00000, 0x00000000afe00000|  0%| F|  |TAMS 0x00000000afd00000| PB 0x00000000afd00000| Untracked 
| 246|0x00000000afe00000, 0x00000000afe00000, 0x00000000aff00000|  0%| F|  |TAMS 0x00000000afe00000| PB 0x00000000afe00000| Untracked 
| 247|0x00000000aff00000, 0x00000000aff00000, 0x00000000b0000000|  0%| F|  |TAMS 0x00000000aff00000| PB 0x00000000aff00000| Untracked 
| 248|0x00000000b0000000, 0x00000000b0000000, 0x00000000b0100000|  0%| F|  |TAMS 0x00000000b0000000| PB 0x00000000b0000000| Untracked 
| 249|0x00000000b0100000, 0x00000000b0100000, 0x00000000b0200000|  0%| F|  |TAMS 0x00000000b0100000| PB 0x00000000b0100000| Untracked 
| 250|0x00000000b0200000, 0x00000000b0200000, 0x00000000b0300000|  0%| F|  |TAMS 0x00000000b0200000| PB 0x00000000b0200000| Untracked 
| 251|0x00000000b0300000, 0x00000000b0300000, 0x00000000b0400000|  0%| F|  |TAMS 0x00000000b0300000| PB 0x00000000b0300000| Untracked 
| 252|0x00000000b0400000, 0x00000000b0400000, 0x00000000b0500000|  0%| F|  |TAMS 0x00000000b0400000| PB 0x00000000b0400000| Untracked 
| 253|0x00000000b0500000, 0x00000000b0500000, 0x00000000b0600000|  0%| F|  |TAMS 0x00000000b0500000| PB 0x00000000b0500000| Untracked 
| 254|0x00000000b0600000, 0x00000000b0600000, 0x00000000b0700000|  0%| F|  |TAMS 0x00000000b0600000| PB 0x00000000b0600000| Untracked 
| 255|0x00000000b0700000, 0x00000000b0700000, 0x00000000b0800000|  0%| F|  |TAMS 0x00000000b0700000| PB 0x00000000b0700000| Untracked 
| 256|0x00000000b0800000, 0x00000000b0800000, 0x00000000b0900000|  0%| F|  |TAMS 0x00000000b0800000| PB 0x00000000b0800000| Untracked 
| 257|0x00000000b0900000, 0x00000000b0900000, 0x00000000b0a00000|  0%| F|  |TAMS 0x00000000b0900000| PB 0x00000000b0900000| Untracked 
| 258|0x00000000b0a00000, 0x00000000b0a00000, 0x00000000b0b00000|  0%| F|  |TAMS 0x00000000b0a00000| PB 0x00000000b0a00000| Untracked 
| 259|0x00000000b0b00000, 0x00000000b0b00000, 0x00000000b0c00000|  0%| F|  |TAMS 0x00000000b0b00000| PB 0x00000000b0b00000| Untracked 
| 260|0x00000000b0c00000, 0x00000000b0c00000, 0x00000000b0d00000|  0%| F|  |TAMS 0x00000000b0c00000| PB 0x00000000b0c00000| Untracked 
| 261|0x00000000b0d00000, 0x00000000b0d00000, 0x00000000b0e00000|  0%| F|  |TAMS 0x00000000b0d00000| PB 0x00000000b0d00000| Untracked 
| 262|0x00000000b0e00000, 0x00000000b0e00000, 0x00000000b0f00000|  0%| F|  |TAMS 0x00000000b0e00000| PB 0x00000000b0e00000| Untracked 
| 263|0x00000000b0f00000, 0x00000000b0f00000, 0x00000000b1000000|  0%| F|  |TAMS 0x00000000b0f00000| PB 0x00000000b0f00000| Untracked 
| 264|0x00000000b1000000, 0x00000000b1000000, 0x00000000b1100000|  0%| F|  |TAMS 0x00000000b1000000| PB 0x00000000b1000000| Untracked 
| 265|0x00000000b1100000, 0x00000000b1100000, 0x00000000b1200000|  0%| F|  |TAMS 0x00000000b1100000| PB 0x00000000b1100000| Untracked 
| 266|0x00000000b1200000, 0x00000000b1200000, 0x00000000b1300000|  0%| F|  |TAMS 0x00000000b1200000| PB 0x00000000b1200000| Untracked 
| 267|0x00000000b1300000, 0x00000000b1300000, 0x00000000b1400000|  0%| F|  |TAMS 0x00000000b1300000| PB 0x00000000b1300000| Untracked 
| 268|0x00000000b1400000, 0x00000000b1400000, 0x00000000b1500000|  0%| F|  |TAMS 0x00000000b1400000| PB 0x00000000b1400000| Untracked 
| 269|0x00000000b1500000, 0x00000000b1500000, 0x00000000b1600000|  0%| F|  |TAMS 0x00000000b1500000| PB 0x00000000b1500000| Untracked 
| 270|0x00000000b1600000, 0x00000000b1600000, 0x00000000b1700000|  0%| F|  |TAMS 0x00000000b1600000| PB 0x00000000b1600000| Untracked 
| 271|0x00000000b1700000, 0x00000000b1700000, 0x00000000b1800000|  0%| F|  |TAMS 0x00000000b1700000| PB 0x00000000b1700000| Untracked 
| 272|0x00000000b1800000, 0x00000000b1800000, 0x00000000b1900000|  0%| F|  |TAMS 0x00000000b1800000| PB 0x00000000b1800000| Untracked 
| 273|0x00000000b1900000, 0x00000000b1900000, 0x00000000b1a00000|  0%| F|  |TAMS 0x00000000b1900000| PB 0x00000000b1900000| Untracked 
| 274|0x00000000b1a00000, 0x00000000b1a00000, 0x00000000b1b00000|  0%| F|  |TAMS 0x00000000b1a00000| PB 0x00000000b1a00000| Untracked 
| 275|0x00000000b1b00000, 0x00000000b1b00000, 0x00000000b1c00000|  0%| F|  |TAMS 0x00000000b1b00000| PB 0x00000000b1b00000| Untracked 
| 276|0x00000000b1c00000, 0x00000000b1c00000, 0x00000000b1d00000|  0%| F|  |TAMS 0x00000000b1c00000| PB 0x00000000b1c00000| Untracked 
| 277|0x00000000b1d00000, 0x00000000b1d00000, 0x00000000b1e00000|  0%| F|  |TAMS 0x00000000b1d00000| PB 0x00000000b1d00000| Untracked 
| 278|0x00000000b1e00000, 0x00000000b1e00000, 0x00000000b1f00000|  0%| F|  |TAMS 0x00000000b1e00000| PB 0x00000000b1e00000| Untracked 
| 279|0x00000000b1f00000, 0x00000000b1f00000, 0x00000000b2000000|  0%| F|  |TAMS 0x00000000b1f00000| PB 0x00000000b1f00000| Untracked 
| 280|0x00000000b2000000, 0x00000000b2000000, 0x00000000b2100000|  0%| F|  |TAMS 0x00000000b2000000| PB 0x00000000b2000000| Untracked 
| 281|0x00000000b2100000, 0x00000000b2100000, 0x00000000b2200000|  0%| F|  |TAMS 0x00000000b2100000| PB 0x00000000b2100000| Untracked 
| 282|0x00000000b2200000, 0x00000000b2200000, 0x00000000b2300000|  0%| F|  |TAMS 0x00000000b2200000| PB 0x00000000b2200000| Untracked 
| 283|0x00000000b2300000, 0x00000000b2300000, 0x00000000b2400000|  0%| F|  |TAMS 0x00000000b2300000| PB 0x00000000b2300000| Untracked 
| 284|0x00000000b2400000, 0x00000000b2400000, 0x00000000b2500000|  0%| F|  |TAMS 0x00000000b2400000| PB 0x00000000b2400000| Untracked 
| 285|0x00000000b2500000, 0x00000000b2500000, 0x00000000b2600000|  0%| F|  |TAMS 0x00000000b2500000| PB 0x00000000b2500000| Untracked 
| 286|0x00000000b2600000, 0x00000000b2600000, 0x00000000b2700000|  0%| F|  |TAMS 0x00000000b2600000| PB 0x00000000b2600000| Untracked 
| 287|0x00000000b2700000, 0x00000000b2700000, 0x00000000b2800000|  0%| F|  |TAMS 0x00000000b2700000| PB 0x00000000b2700000| Untracked 

Card table byte_map: [0x0000000019f70000,0x000000001a270000] _byte_map_base: 0x0000000019a6c000

Marking Bits: (CMBitMap*) 0x000000000016b4c0
 Bits: [0x000000001a570000, 0x000000001bd50000)

Polling page: 0x0000000000450000

Metaspace:

Usage:
  Non-class:    949.97 KB used.
      Class:     90.81 KB used.
       Both:      1.02 MB used.

Virtual space:
  Non-class space:       64.00 MB reserved,       1.00 MB (  2%) committed,  1 nodes.
      Class space:        1.00 GB reserved,     192.00 KB ( <1%) committed,  1 nodes.
             Both:        1.06 GB reserved,       1.19 MB ( <1%) committed. 

Chunk freelists:
   Non-Class:  3.92 MB
       Class:  3.72 MB
        Both:  7.65 MB

MaxMetaspaceSize: unlimited
CompressedClassSpaceSize: 1.00 GB
Initial GC threshold: 21.00 MB
Current GC threshold: 21.00 MB
CDS: on
MetaspaceReclaimPolicy: balanced
 - commit_granule_bytes: 65536.
 - commit_granule_words: 8192.
 - virtual_space_node_default_size: 8388608.
 - enlarge_chunks_in_place: 1.
 - new_chunks_are_fully_committed: 0.
 - uncommit_free_chunks: 1.
 - use_allocation_guard: 0.


Internal statistics:

num_allocs_failed_limit: 0.
num_arena_births: 38.
num_arena_deaths: 0.
num_vsnodes_births: 2.
num_vsnodes_deaths: 0.
num_space_committed: 19.
num_space_uncommitted: 0.
num_chunks_returned_to_freelist: 0.
num_chunks_taken_from_freelist: 46.
num_chunk_merges: 0.
num_chunk_splits: 27.
num_chunks_enlarged: 15.
num_inconsistent_stats: 0.

CodeHeap 'non-profiled nmethods': size=120000Kb used=104Kb max_used=104Kb free=119895Kb
 bounds [0x0000000012210000, 0x0000000012480000, 0x0000000019740000]
CodeHeap 'profiled nmethods': size=120000Kb used=402Kb max_used=402Kb free=119597Kb
 bounds [0x000000000a740000, 0x000000000a9b0000, 0x0000000011c70000]
CodeHeap 'non-nmethods': size=5760Kb used=1375Kb max_used=1391Kb free=4384Kb
 bounds [0x0000000011c70000, 0x0000000011ee0000, 0x0000000012210000]
 total_blobs=757 nmethods=332 adapters=336
 compilation: enabled
              stopped_count=0, restarted_count=0
 full_count=0

Compilation events (20 events):
Event: 0.589 Thread 0x000000001eba0200  323       3       java.lang.CharacterDataLatin1::getType (11 bytes)
Event: 0.590 Thread 0x000000001eba0200 nmethod 323 0x000000000a7a2a10 code [0x000000000a7a2ba0, 0x000000000a7a2d58]
Event: 0.590 Thread 0x000000001eba0200  324       3       java.net.URI$Parser::scan (76 bytes)
Event: 0.591 Thread 0x000000001eba0200 nmethod 324 0x000000000a7a2e90 code [0x000000000a7a30a0, 0x000000000a7a3948]
Event: 0.591 Thread 0x000000001eb9ea70  325       4       java.lang.StringLatin1::indexOf (36 bytes)
Event: 0.593 Thread 0x000000001eb9ea70 nmethod 325 0x0000000012228390 code [0x0000000012228500, 0x0000000012228680]
Event: 0.593 Thread 0x000000001eba0200  326       3       java.io.WinNTFileSystem::isLetter (30 bytes)
Event: 0.593 Thread 0x000000001eba0200 nmethod 326 0x000000000a7a3d10 code [0x000000000a7a3ea0, 0x000000000a7a40b8]
Event: 0.593 Thread 0x000000001eba0200  327       1       java.net.URL::getRef (5 bytes)
Event: 0.593 Thread 0x000000001eba0200 nmethod 327 0x0000000012228790 code [0x0000000012228900, 0x00000000122289c8]
Event: 0.593 Thread 0x000000001eba0200  328       3       java.lang.String::toString (2 bytes)
Event: 0.593 Thread 0x000000001eba0200 nmethod 328 0x000000000a7a4190 code [0x000000000a7a4320, 0x000000000a7a4430]
Event: 0.593 Thread 0x000000001eb9ea70  329       4       java.util.HashMap::putVal (300 bytes)
Event: 0.594 Thread 0x000000001eba0200  330       1       java.net.URL::getPort (5 bytes)
Event: 0.594 Thread 0x000000001eba0200 nmethod 330 0x0000000012228a90 code [0x0000000012228c00, 0x0000000012228cc8]
Event: 0.604 Thread 0x000000001eba0200  332       3       java.util.AbstractSet::<init> (5 bytes)
Event: 0.610 Thread 0x000000001eba0200 nmethod 332 0x000000000a7a4490 code [0x000000000a7a4620, 0x000000000a7a47e8]
Event: 0.610 Thread 0x000000001eba0200  331       1       java.lang.String::value (5 bytes)
Event: 0.610 Thread 0x000000001eba0200 nmethod 331 0x0000000012228d90 code [0x0000000012228f00, 0x0000000012228fc8]
Event: 0.625 Thread 0x000000001eb9ea70 nmethod 329 0x0000000012229090 code [0x0000000012229260, 0x0000000012229c78]

GC Heap History (19 events):
Event: 0.572 GC heap before
{Heap before GC invocations=0 (full 0):
 garbage-first heap   total 98304K, used 12288K [0x00000000a0800000, 0x0000000100000000)
  region size 1024K, 13 young (13312K), 0 survivors (0K)
 Metaspace       used 1028K, committed 1216K, reserved 1114112K
  class space    used 90K, committed 192K, reserved 1048576K
}
Event: 0.579 GC heap after
{Heap after GC invocations=1 (full 0):
 garbage-first heap   total 98304K, used 10990K [0x00000000a0800000, 0x0000000100000000)
  region size 1024K, 2 young (2048K), 2 survivors (2048K)
 Metaspace       used 1028K, committed 1216K, reserved 1114112K
  class space    used 90K, committed 192K, reserved 1048576K
}
Event: 0.581 GC heap before
{Heap before GC invocations=1 (full 0):
 garbage-first heap   total 98304K, used 18158K [0x00000000a0800000, 0x0000000100000000)
  region size 1024K, 10 young (10240K), 2 survivors (2048K)
 Metaspace       used 1031K, committed 1216K, reserved 1114112K
  class space    used 90K, committed 192K, reserved 1048576K
}
Event: 0.585 GC heap after
{Heap after GC invocations=2 (full 0):
 garbage-first heap   total 98304K, used 19253K [0x00000000a0800000, 0x0000000100000000)
  region size 1024K, 2 young (2048K), 2 survivors (2048K)
 Metaspace       used 1031K, committed 1216K, reserved 1114112K
  class space    used 90K, committed 192K, reserved 1048576K
}
Event: 0.594 GC heap before
{Heap before GC invocations=2 (full 0):
 garbage-first heap   total 98304K, used 31541K [0x00000000a0800000, 0x0000000100000000)
  region size 1024K, 15 young (15360K), 2 survivors (2048K)
 Metaspace       used 1036K, committed 1216K, reserved 1114112K
  class space    used 90K, committed 192K, reserved 1048576K
}
Event: 0.599 GC heap after
{Heap after GC invocations=3 (full 0):
 garbage-first heap   total 98304K, used 32377K [0x00000000a0800000, 0x0000000100000000)
  region size 1024K, 2 young (2048K), 2 survivors (2048K)
 Metaspace       used 1036K, committed 1216K, reserved 1114112K
  class space    used 90K, committed 192K, reserved 1048576K
}
Event: 0.604 GC heap before
{Heap before GC invocations=3 (full 0):
 garbage-first heap   total 98304K, used 48761K [0x00000000a0800000, 0x0000000100000000)
  region size 1024K, 19 young (19456K), 2 survivors (2048K)
 Metaspace       used 1040K, committed 1216K, reserved 1114112K
  class space    used 90K, committed 192K, reserved 1048576K
}
Event: 0.610 GC heap after
{Heap after GC invocations=4 (full 0):
 garbage-first heap   total 98304K, used 49738K [0x00000000a0800000, 0x0000000100000000)
  region size 1024K, 3 young (3072K), 3 survivors (3072K)
 Metaspace       used 1040K, committed 1216K, reserved 1114112K
  class space    used 90K, committed 192K, reserved 1048576K
}
Event: 0.614 GC heap before
{Heap before GC invocations=4 (full 0):
 garbage-first heap   total 98304K, used 63050K [0x00000000a0800000, 0x0000000100000000)
  region size 1024K, 17 young (17408K), 3 survivors (3072K)
 Metaspace       used 1040K, committed 1216K, reserved 1114112K
  class space    used 90K, committed 192K, reserved 1048576K
}
Event: 0.621 GC heap after
{Heap after GC invocations=5 (full 0):
 garbage-first heap   total 294912K, used 64051K [0x00000000a0800000, 0x0000000100000000)
  region size 1024K, 3 young (3072K), 3 survivors (3072K)
 Metaspace       used 1040K, committed 1216K, reserved 1114112K
  class space    used 90K, committed 192K, reserved 1048576K
}
Event: 0.632 GC heap before
{Heap before GC invocations=6 (full 0):
 garbage-first heap   total 256000K, used 92723K [0x00000000a0800000, 0x0000000100000000)
  region size 1024K, 32 young (32768K), 3 survivors (3072K)
 Metaspace       used 1040K, committed 1216K, reserved 1114112K
  class space    used 90K, committed 192K, reserved 1048576K
}
Event: 0.640 GC heap after
{Heap after GC invocations=7 (full 0):
 garbage-first heap   total 256000K, used 93685K [0x00000000a0800000, 0x0000000100000000)
  region size 1024K, 4 young (4096K), 4 survivors (4096K)
 Metaspace       used 1040K, committed 1216K, reserved 1114112K
  class space    used 90K, committed 192K, reserved 1048576K
}
Event: 0.646 GC heap before
{Heap before GC invocations=7 (full 0):
 garbage-first heap   total 256000K, used 130549K [0x00000000a0800000, 0x0000000100000000)
  region size 1024K, 41 young (41984K), 4 survivors (4096K)
 Metaspace       used 1040K, committed 1216K, reserved 1114112K
  class space    used 90K, committed 192K, reserved 1048576K
}
Event: 0.657 GC heap after
{Heap after GC invocations=8 (full 0):
 garbage-first heap   total 256000K, used 131541K [0x00000000a0800000, 0x0000000100000000)
  region size 1024K, 6 young (6144K), 6 survivors (6144K)
 Metaspace       used 1040K, committed 1216K, reserved 1114112K
  class space    used 90K, committed 192K, reserved 1048576K
}
Event: 0.663 GC heap before
{Heap before GC invocations=8 (full 0):
 garbage-first heap   total 256000K, used 168405K [0x00000000a0800000, 0x0000000100000000)
  region size 1024K, 43 young (44032K), 6 survivors (6144K)
 Metaspace       used 1040K, committed 1216K, reserved 1114112K
  class space    used 90K, committed 192K, reserved 1048576K
}
Event: 0.674 GC heap after
{Heap after GC invocations=9 (full 0):
 garbage-first heap   total 256000K, used 169382K [0x00000000a0800000, 0x0000000100000000)
  region size 1024K, 6 young (6144K), 6 survivors (6144K)
 Metaspace       used 1040K, committed 1216K, reserved 1114112K
  class space    used 90K, committed 192K, reserved 1048576K
}
Event: 0.678 GC heap before
{Heap before GC invocations=9 (full 0):
 garbage-first heap   total 256000K, used 193958K [0x00000000a0800000, 0x0000000100000000)
  region size 1024K, 31 young (31744K), 6 survivors (6144K)
 Metaspace       used 1040K, committed 1216K, reserved 1114112K
  class space    used 90K, committed 192K, reserved 1048576K
}
Event: 0.687 GC heap after
{Heap after GC invocations=10 (full 0):
 garbage-first heap   total 256000K, used 194959K [0x00000000a0800000, 0x0000000100000000)
  region size 1024K, 4 young (4096K), 4 survivors (4096K)
 Metaspace       used 1040K, committed 1216K, reserved 1114112K
  class space    used 90K, committed 192K, reserved 1048576K
}
Event: 0.689 GC heap before
{Heap before GC invocations=10 (full 0):
 garbage-first heap   total 256000K, used 211343K [0x00000000a0800000, 0x0000000100000000)
  region size 1024K, 21 young (21504K), 4 survivors (4096K)
 Metaspace       used 1040K, committed 1216K, reserved 1114112K
  class space    used 90K, committed 192K, reserved 1048576K
}

Dll operation events (10 events):
Event: 0.115 Loaded shared library C:\Users\User\.jdks\openjdk-20.0.1\bin\java.dll
Event: 0.123 Loaded shared library C:\Users\User\.jdks\openjdk-20.0.1\bin\jsvml.dll
Event: 0.231 Loaded shared library C:\Users\User\.jdks\openjdk-20.0.1\bin\zip.dll
Event: 0.234 Loaded shared library C:\Users\User\.jdks\openjdk-20.0.1\bin\instrument.dll
Event: 0.246 Loaded shared library C:\Users\User\.jdks\openjdk-20.0.1\bin\net.dll
Event: 0.250 Loaded shared library C:\Users\User\.jdks\openjdk-20.0.1\bin\nio.dll
Event: 0.267 Loaded shared library C:\Users\User\.jdks\openjdk-20.0.1\bin\zip.dll
Event: 0.408 Loaded shared library C:\Program Files\JetBrains\IntelliJ IDEA Community Edition 2023.1.2\bin\breakgen64.dll
Event: 0.438 Loaded shared library C:\Users\User\.jdks\openjdk-20.0.1\bin\extnet.dll
Event: 0.454 Loaded shared library C:\Users\User\.jdks\openjdk-20.0.1\bin\jimage.dll

Deoptimization events (20 events):
Event: 0.451 Thread 0x0000000000118110 Uncommon trap: trap_request=0xffffff45 fr.pc=0x00000000122196a0 relative=0x00000000000000a0
Event: 0.451 Thread 0x0000000000118110 Uncommon trap: reason=unstable_if action=reinterpret pc=0x00000000122196a0 method=java.lang.String.isLatin1()Z @ 10 c2
Event: 0.451 Thread 0x0000000000118110 DEOPT PACKING pc=0x00000000122196a0 sp=0x000000000222f040
Event: 0.451 Thread 0x0000000000118110 DEOPT UNPACKING pc=0x0000000011cd9d22 sp=0x000000000222ef78 mode 2
Event: 0.531 Thread 0x00000000239d33a0 Uncommon trap: trap_request=0xffffffc6 fr.pc=0x000000001221e698 relative=0x0000000000000998
Event: 0.531 Thread 0x00000000239d33a0 Uncommon trap: reason=bimorphic_or_optimized_type_check action=maybe_recompile pc=0x000000001221e698 method=java.util.HashMap.putVal(ILjava/lang/Object;Ljava/lang/Object;ZZ)Ljava/lang/Object; @ 56 c2
Event: 0.531 Thread 0x00000000239d33a0 DEOPT PACKING pc=0x000000001221e698 sp=0x00000000245dd7b0
Event: 0.531 Thread 0x00000000239d33a0 DEOPT UNPACKING pc=0x0000000011cd9d22 sp=0x00000000245dd728 mode 2
Event: 0.531 Thread 0x00000000239d33a0 Uncommon trap: trap_request=0xffffffc6 fr.pc=0x000000001221e698 relative=0x0000000000000998
Event: 0.531 Thread 0x00000000239d33a0 Uncommon trap: reason=bimorphic_or_optimized_type_check action=maybe_recompile pc=0x000000001221e698 method=java.util.HashMap.putVal(ILjava/lang/Object;Ljava/lang/Object;ZZ)Ljava/lang/Object; @ 56 c2
Event: 0.531 Thread 0x00000000239d33a0 DEOPT PACKING pc=0x000000001221e698 sp=0x00000000245dd7b0
Event: 0.531 Thread 0x00000000239d33a0 DEOPT UNPACKING pc=0x0000000011cd9d22 sp=0x00000000245dd728 mode 2
Event: 0.531 Thread 0x00000000239d33a0 Uncommon trap: trap_request=0xffffffc6 fr.pc=0x000000001221e698 relative=0x0000000000000998
Event: 0.531 Thread 0x00000000239d33a0 Uncommon trap: reason=bimorphic_or_optimized_type_check action=maybe_recompile pc=0x000000001221e698 method=java.util.HashMap.putVal(ILjava/lang/Object;Ljava/lang/Object;ZZ)Ljava/lang/Object; @ 56 c2
Event: 0.531 Thread 0x00000000239d33a0 DEOPT PACKING pc=0x000000001221e698 sp=0x00000000245dd7b0
Event: 0.531 Thread 0x00000000239d33a0 DEOPT UNPACKING pc=0x0000000011cd9d22 sp=0x00000000245dd728 mode 2
Event: 0.531 Thread 0x00000000239d33a0 Uncommon trap: trap_request=0xffffffc6 fr.pc=0x000000001221e698 relative=0x0000000000000998
Event: 0.531 Thread 0x00000000239d33a0 Uncommon trap: reason=bimorphic_or_optimized_type_check action=maybe_recompile pc=0x000000001221e698 method=java.util.HashMap.putVal(ILjava/lang/Object;Ljava/lang/Object;ZZ)Ljava/lang/Object; @ 56 c2
Event: 0.531 Thread 0x00000000239d33a0 DEOPT PACKING pc=0x000000001221e698 sp=0x00000000245dd7b0
Event: 0.531 Thread 0x00000000239d33a0 DEOPT UNPACKING pc=0x0000000011cd9d22 sp=0x00000000245dd728 mode 2

Classes loaded (20 events):
Event: 0.536 Loading class jdk/internal/loader/URLClassPath$FileLoader$1
Event: 0.537 Loading class jdk/internal/loader/URLClassPath$FileLoader$1 done
Event: 0.562 Loading class sun/net/www/protocol/file/FileURLConnection
Event: 0.562 Loading class sun/net/www/URLConnection
Event: 0.562 Loading class java/net/URLConnection
Event: 0.563 Loading class java/net/URLConnection done
Event: 0.563 Loading class sun/net/www/URLConnection done
Event: 0.563 Loading class sun/net/www/protocol/file/FileURLConnection done
Event: 0.563 Loading class sun/net/www/MessageHeader
Event: 0.563 Loading class sun/net/www/MessageHeader done
Event: 0.563 Loading class java/io/FilePermission$1
Event: 0.563 Loading class jdk/internal/access/JavaIOFilePermissionAccess
Event: 0.563 Loading class jdk/internal/access/JavaIOFilePermissionAccess done
Event: 0.563 Loading class java/io/FilePermission$1 done
Event: 0.564 Loading class java/io/FilePermissionCollection
Event: 0.564 Loading class java/io/FilePermissionCollection done
Event: 0.564 Loading class java/util/Vector
Event: 0.564 Loading class java/util/Vector done
Event: 0.565 Loading class java/io/FilePermissionCollection$1
Event: 0.565 Loading class java/io/FilePermissionCollection$1 done

Classes unloaded (0 events):
No events

Classes redefined (0 events):
No events

Internal exceptions (4 events):
Event: 0.362 Thread 0x0000000000118110 Exception <a 'java/lang/NoSuchMethodError'{0x00000000a65354d8}: 'void java.lang.invoke.DirectMethodHandle$Holder.invokeStatic(java.lang.Object, java.lang.Object, java.lang.Object)'> (0x00000000a65354d8) 
thrown [s\open\src\hotspot\share\interpreter\linkResolver.cpp, line 773]
Event: 0.374 Thread 0x0000000000118110 Exception <a 'java/lang/NoSuchMethodError'{0x00000000a654cc20}: 'java.lang.Object java.lang.invoke.Invokers$Holder.invokeExact_MT(java.lang.Object, java.lang.Object, java.lang.Object, java.lang.Object, java.lang.Object)'> (0x00000000a654cc20) 
thrown [s\open\src\hotspot\share\interpreter\linkResolver.cpp, line 773]
Event: 0.440 Thread 0x0000000023992500 Exception <a 'java/lang/NoSuchMethodError'{0x00000000a6592c50}: 'void java.lang.invoke.DirectMethodHandle$Holder.invokeStatic(java.lang.Object, java.lang.Object)'> (0x00000000a6592c50) 
thrown [s\open\src\hotspot\share\interpreter\linkResolver.cpp, line 773]
Event: 0.566 Thread 0x00000000239d33a0 Exception <a 'java/lang/NoSuchMethodError'{0x00000000a65e2c50}: 'void java.lang.invoke.DirectMethodHandle$Holder.invokeSpecial(java.lang.Object, java.lang.Object, java.lang.Object)'> (0x00000000a65e2c50) 
thrown [s\open\src\hotspot\share\interpreter\linkResolver.cpp, line 773]

VM Operations (20 events):
Event: 0.585 Executing VM operation: G1CollectForAllocation done
Event: 0.594 Executing VM operation: G1CollectForAllocation
Event: 0.600 Executing VM operation: G1CollectForAllocation done
Event: 0.604 Executing VM operation: G1CollectForAllocation
Event: 0.612 Executing VM operation: G1CollectForAllocation done
Event: 0.614 Executing VM operation: G1CollectForAllocation
Event: 0.621 Executing VM operation: G1CollectForAllocation done
Event: 0.626 Executing VM operation: G1PauseRemark
Event: 0.626 Executing VM operation: G1PauseRemark done
Event: 0.628 Executing VM operation: G1PauseCleanup
Event: 0.628 Executing VM operation: G1PauseCleanup done
Event: 0.632 Executing VM operation: G1CollectForAllocation
Event: 0.640 Executing VM operation: G1CollectForAllocation done
Event: 0.646 Executing VM operation: G1CollectForAllocation
Event: 0.657 Executing VM operation: G1CollectForAllocation done
Event: 0.663 Executing VM operation: G1CollectForAllocation
Event: 0.674 Executing VM operation: G1CollectForAllocation done
Event: 0.678 Executing VM operation: G1CollectForAllocation
Event: 0.687 Executing VM operation: G1CollectForAllocation done
Event: 0.689 Executing VM operation: G1CollectForAllocation

Events (15 events):
Event: 0.123 Thread 0x0000000000118110 Thread added: 0x0000000000118110
Event: 0.136 Thread 0x000000001eb90fd0 Thread added: 0x000000001eb90fd0
Event: 0.136 Thread 0x000000001eb91bd0 Thread added: 0x000000001eb91bd0
Event: 0.137 Thread 0x000000001eb93430 Thread added: 0x000000001eb93430
Event: 0.137 Thread 0x000000001eb96130 Thread added: 0x000000001eb96130
Event: 0.137 Thread 0x000000001eb975c0 Thread added: 0x000000001eb975c0
Event: 0.137 Thread 0x000000001eb9b530 Thread added: 0x000000001eb9b530
Event: 0.137 Thread 0x000000001eb9ea70 Thread added: 0x000000001eb9ea70
Event: 0.137 Thread 0x000000001eba0200 Thread added: 0x000000001eba0200
Event: 0.177 Thread 0x000000001eca9360 Thread added: 0x000000001eca9360
Event: 0.408 Thread 0x0000000023992500 Thread added: 0x0000000023992500
Event: 0.409 Thread 0x00000000239947e0 Thread added: 0x00000000239947e0
Event: 0.530 Thread 0x00000000239d33a0 Thread added: 0x00000000239d33a0
Event: 0.530 Thread 0x00000000239d38f0 Thread added: 0x00000000239d38f0
Event: 0.530 Thread 0x00000000239d42c0 Thread added: 0x00000000239d42c0


Dynamic libraries:
0x000000013f8a0000 - 0x000000013f8ae000 	C:\Users\User\.jdks\openjdk-20.0.1\bin\java.exe
0x0000000077150000 - 0x00000000772ef000 	C:\Windows\SYSTEM32\ntdll.dll
0x0000000076f30000 - 0x000000007704f000 	C:\Windows\system32\kernel32.dll
0x000007fefcea0000 - 0x000007fefcf07000 	C:\Windows\system32\KERNELBASE.dll
0x000007feec3d0000 - 0x000007feec3e7000 	C:\Users\User\.jdks\openjdk-20.0.1\bin\jli.dll
0x000007fefa570000 - 0x000007fefa765000 	C:\Windows\WinSxS\amd64_microsoft.windows.common-controls_6595b64144ccf1df_6.0.7601.24483_none_e372d88f30fbb845\COMCTL32.dll
0x000007fefe0a0000 - 0x000007fefe13f000 	C:\Windows\system32\msvcrt.dll
0x000007fefee50000 - 0x000007fefeeb7000 	C:\Windows\system32\GDI32.dll
0x0000000077050000 - 0x000000007714b000 	C:\Windows\system32\USER32.dll
0x000007fefe7f0000 - 0x000007fefe7fe000 	C:\Windows\system32\LPK.dll
0x000007feff130000 - 0x000007feff1fb000 	C:\Windows\system32\USP10.dll
0x000007fefeec0000 - 0x000007fefef31000 	C:\Windows\system32\SHLWAPI.dll
0x000007feec5e0000 - 0x000007feec5fb000 	C:\Users\User\.jdks\openjdk-20.0.1\bin\VCRUNTIME140.dll
0x000007fef8b50000 - 0x000007fef8b54000 	C:\Users\User\.jdks\openjdk-20.0.1\bin\api-ms-win-crt-runtime-l1-1-0.dll
0x000007feec100000 - 0x000007feec200000 	C:\Users\User\.jdks\openjdk-20.0.1\bin\ucrtbase.DLL
0x000007fef35f0000 - 0x000007fef35f3000 	C:\Users\User\.jdks\openjdk-20.0.1\bin\api-ms-win-core-localization-l1-2-0.dll
0x000007fef3090000 - 0x000007fef3093000 	C:\Users\User\.jdks\openjdk-20.0.1\bin\api-ms-win-core-processthreads-l1-1-1.dll
0x000007feec3c0000 - 0x000007feec3c3000 	C:\Users\User\.jdks\openjdk-20.0.1\bin\api-ms-win-core-file-l1-2-0.dll
0x000007feec3b0000 - 0x000007feec3b3000 	C:\Users\User\.jdks\openjdk-20.0.1\bin\api-ms-win-core-timezone-l1-1-0.dll
0x000007feec3a0000 - 0x000007feec3a3000 	C:\Users\User\.jdks\openjdk-20.0.1\bin\api-ms-win-core-file-l2-1-0.dll
0x000007feec380000 - 0x000007feec383000 	C:\Users\User\.jdks\openjdk-20.0.1\bin\api-ms-win-core-synch-l1-2-0.dll
0x000007feec390000 - 0x000007feec393000 	C:\Users\User\.jdks\openjdk-20.0.1\bin\api-ms-win-crt-heap-l1-1-0.dll
0x000007feec310000 - 0x000007feec314000 	C:\Users\User\.jdks\openjdk-20.0.1\bin\api-ms-win-crt-string-l1-1-0.dll
0x000007feec370000 - 0x000007feec374000 	C:\Users\User\.jdks\openjdk-20.0.1\bin\api-ms-win-crt-stdio-l1-1-0.dll
0x000007feec2f0000 - 0x000007feec2f4000 	C:\Users\User\.jdks\openjdk-20.0.1\bin\api-ms-win-crt-convert-l1-1-0.dll
0x000007feec2e0000 - 0x000007feec2e3000 	C:\Users\User\.jdks\openjdk-20.0.1\bin\api-ms-win-crt-environment-l1-1-0.dll
0x000007feec2d0000 - 0x000007feec2d3000 	C:\Users\User\.jdks\openjdk-20.0.1\bin\api-ms-win-crt-filesystem-l1-1-0.dll
0x000007feec2c0000 - 0x000007feec2c5000 	C:\Users\User\.jdks\openjdk-20.0.1\bin\api-ms-win-crt-math-l1-1-0.dll
0x000007feec2b0000 - 0x000007feec2b3000 	C:\Users\User\.jdks\openjdk-20.0.1\bin\api-ms-win-crt-locale-l1-1-0.dll
0x000007fefe950000 - 0x000007fefe97e000 	C:\Windows\system32\IMM32.DLL
0x000007feff020000 - 0x000007feff12b000 	C:\Windows\system32\MSCTF.dll
0x0000000071650000 - 0x000000007165c000 	C:\??\C:\Program Files (x86)\360\Total Security\safemon\SafeWrapper.dll
0x000007fefddf0000 - 0x000007fefdecb000 	C:\Windows\system32\ADVAPI32.dll
0x000007fefe800000 - 0x000007fefe81f000 	C:\Windows\SYSTEM32\sechost.dll
0x000007fefdf70000 - 0x000007fefe09c000 	C:\Windows\system32\RPCRT4.dll
0x000007feeb840000 - 0x000007feeb8d2000 	C:\Program Files (x86)\360\Total Security\safemon\libzdtp64.dll
0x000007fefd060000 - 0x000007fefddeb000 	C:\Windows\system32\SHELL32.dll
0x000007fefc710000 - 0x000007fefc71c000 	C:\Windows\system32\VERSION.dll
0x000007feec2a0000 - 0x000007feec2ac000 	C:\Users\User\.jdks\openjdk-20.0.1\bin\vcruntime140_1.dll
0x000007feec210000 - 0x000007feec29e000 	C:\Users\User\.jdks\openjdk-20.0.1\bin\msvcp140.dll
0x000007feec200000 - 0x000007feec203000 	C:\Users\User\.jdks\openjdk-20.0.1\bin\api-ms-win-crt-time-l1-1-0.dll
0x000007feebd30000 - 0x000007feebd33000 	C:\Users\User\.jdks\openjdk-20.0.1\bin\api-ms-win-crt-utility-l1-1-0.dll
0x000007fee45a0000 - 0x000007fee5237000 	C:\Users\User\.jdks\openjdk-20.0.1\bin\server\jvm.dll
0x000007fefa780000 - 0x000007fefa789000 	C:\Windows\system32\WSOCK32.dll
0x000007fefe820000 - 0x000007fefe86d000 	C:\Windows\system32\WS2_32.dll
0x000007feff430000 - 0x000007feff438000 	C:\Windows\system32\NSI.dll
0x000007fef85b0000 - 0x000007fef85eb000 	C:\Windows\system32\WINMM.dll
0x000007feec0f0000 - 0x000007feec0fa000 	C:\Users\User\.jdks\openjdk-20.0.1\bin\jimage.dll
0x000007feecc00000 - 0x000007feecd25000 	C:\Windows\system32\DBGHELP.DLL
0x000007fef31e0000 - 0x000007fef31ee000 	C:\Users\User\.jdks\openjdk-20.0.1\bin\instrument.dll
0x000007feeb950000 - 0x000007feeb976000 	C:\Users\User\.jdks\openjdk-20.0.1\bin\java.dll
0x000007feeb6f0000 - 0x000007feeb7c7000 	C:\Users\User\.jdks\openjdk-20.0.1\bin\jsvml.dll
0x000007fefe140000 - 0x000007fefe33f000 	C:\Windows\system32\ole32.dll
0x000007fefcca0000 - 0x000007fefccaf000 	C:\Windows\system32\profapi.dll
0x000007feeb930000 - 0x000007feeb948000 	C:\Users\User\.jdks\openjdk-20.0.1\bin\zip.dll
0x000007feebb70000 - 0x000007feebb83000 	C:\Users\User\.jdks\openjdk-20.0.1\bin\net.dll
0x000007fef7400000 - 0x000007fef7471000 	C:\Windows\system32\WINHTTP.dll
0x000007fef7390000 - 0x000007fef73f5000 	C:\Windows\system32\webio.dll
0x000007fefc370000 - 0x000007fefc3c5000 	C:\Windows\system32\mswsock.dll
0x000007fefb4c0000 - 0x000007fefb4c7000 	C:\Windows\System32\wshtcpip.dll
0x000007fefc360000 - 0x000007fefc367000 	C:\Windows\System32\wship6.dll
0x000007feebd10000 - 0x000007feebd26000 	C:\Users\User\.jdks\openjdk-20.0.1\bin\nio.dll
0x000007fef31c0000 - 0x000007fef31da000 	C:\Program Files\JetBrains\IntelliJ IDEA Community Edition 2023.1.2\bin\breakgen64.dll
0x000007feeb920000 - 0x000007feeb927000 	C:\Users\User\.jdks\openjdk-20.0.1\bin\extnet.dll
0x000007fef9900000 - 0x000007fef9915000 	C:\Windows\system32\NLAapi.dll
0x000007fedad90000 - 0x000007fedada5000 	C:\Windows\system32\napinsp.dll
0x000007fedad70000 - 0x000007fedad89000 	C:\Windows\system32\pnrpnsp.dll
0x000007fefc1f0000 - 0x000007fefc24b000 	C:\Windows\system32\DNSAPI.dll
0x000007fedad60000 - 0x000007fedad6b000 	C:\Windows\System32\winrnr.dll
0x000007fefbbe0000 - 0x000007fefbc07000 	C:\Windows\system32\IPHLPAPI.DLL
0x000007fefbbd0000 - 0x000007fefbbdb000 	C:\Windows\system32\WINNSI.DLL
0x000007fef7c80000 - 0x000007fef7c88000 	C:\Windows\system32\rasadhlp.dll
0x000007fef9420000 - 0x000007fef9473000 	C:\Windows\System32\fwpuclnt.dll

dbghelp: loaded successfully - version: 4.0.5 - missing functions: none
symbol engine: initialized successfully - sym options: 0x614 - pdb path: .;C:\Users\User\.jdks\openjdk-20.0.1\bin;C:\Windows\SYSTEM32;C:\Windows\WinSxS\amd64_microsoft.windows.common-controls_6595b64144ccf1df_6.0.7601.24483_none_e372d88f30fbb845;C:\??\C:\Program Files (x86)\360\Total Security\safemon;C:\Program Files (x86)\360\Total Security\safemon;C:\Users\User\.jdks\openjdk-20.0.1\bin\server;C:\Program Files\JetBrains\IntelliJ IDEA Community Edition 2023.1.2\bin

VM Arguments:
jvm_args: -javaagent:C:\Program Files\JetBrains\IntelliJ IDEA Community Edition 2023.1.2\lib\idea_rt.jar=53258:C:\Program Files\JetBrains\IntelliJ IDEA Community Edition 2023.1.2\bin -Dfile.encoding=UTF-8 -Dsun.stdout.encoding=UTF-8 -Dsun.stderr.encoding=UTF-8 
java_command: runtime.starter.MulticoreStarter C:\Users\User\Documents\GitHub\TPO\lab7 3 smpdev useLocalLoader C:\Users\User\Documents\GitHub\TPO\lab7\out\production\lab7;C:\mpj\lib\mpi.jar;C:\mpj\lib\mpi.jar;C:\mpj\lib\xdev.jar;C:\mpj\lib\mxdev.jar;C:\mpj\lib\tools.jar;C:\mpj\lib\daemon.jar;C:\mpj\lib\hybdev.jar;C:\mpj\lib\mpiExp.jar;C:\mpj\lib\mpjbuf.jar;C:\mpj\lib\mpjdev.jar;C:\mpj\lib\niodev.jar;C:\mpj\lib\smpdev.jar;C:\mpj\lib\loader1.jar;C:\mpj\lib\loader2.jar;C:\mpj\lib\starter.jar;C:\mpj\lib\log4j-1.2.11.jar;C:\mpj\lib\daemonmanager.jar;C:\mpj\lib\javax.servlet.jar;C:\mpj\lib\runtimecommon.jar;C:\mpj\lib\commons-io-2.4.jar;C:\mpj\lib\commons-cli-1.2.jar;C:\mpj\lib\commons-codec-1.8.jar Main
java_class_path (initial): C:\mpj/lib/smpdev.jar;C:\mpj/lib/xdev.jar;C:\mpj/lib/mpjbuf.jar;C:\mpj/lib/loader2.jar;C:\mpj/lib/starter.jar;C:\mpj/lib/mpiExp.jar
Launcher Type: SUN_STANDARD

[Global flags]
     intx CICompilerCount                          = 3                                         {product} {ergonomic}
     uint ConcGCThreads                            = 1                                         {product} {ergonomic}
     uint G1ConcRefinementThreads                  = 4                                         {product} {ergonomic}
   size_t G1HeapRegionSize                         = 1048576                                   {product} {ergonomic}
    uintx GCDrainStackTargetSize                   = 64                                        {product} {ergonomic}
   size_t InitialHeapSize                          = 100663296                                 {product} {ergonomic}
   size_t MarkStackSize                            = 4194304                                   {product} {ergonomic}
   size_t MaxHeapSize                              = 1602224128                                {product} {ergonomic}
   size_t MaxNewSize                               = 960495616                                 {product} {ergonomic}
   size_t MinHeapDeltaBytes                        = 1048576                                   {product} {ergonomic}
   size_t MinHeapSize                              = 8388608                                   {product} {ergonomic}
    uintx NonNMethodCodeHeapSize                   = 5832780                                {pd product} {ergonomic}
    uintx NonProfiledCodeHeapSize                  = 122912730                              {pd product} {ergonomic}
    uintx ProfiledCodeHeapSize                     = 122912730                              {pd product} {ergonomic}
    uintx ReservedCodeCacheSize                    = 251658240                              {pd product} {ergonomic}
     bool SegmentedCodeCache                       = true                                      {product} {ergonomic}
   size_t SoftMaxHeapSize                          = 1602224128                             {manageable} {ergonomic}
     bool UseCompressedClassPointers               = true                           {product lp64_product} {ergonomic}
     bool UseCompressedOops                        = true                           {product lp64_product} {ergonomic}
     bool UseG1GC                                  = true                                      {product} {ergonomic}
     bool UseLargePagesIndividualAllocation        = false                                  {pd product} {ergonomic}

Logging:
Log output configuration:
 #0: stdout all=warning uptime,level,tags foldmultilines=false
 #1: stderr all=off uptime,level,tags foldmultilines=false

Environment Variables:
PATH=C:\Program Files (x86)\Common Files\Oracle\Java\javapath;C:\Windows\system32;C:\Windows;C:\Windows\System32\Wbem;C:\Windows\System32\WindowsPowerShell\v1.0\;C:\Program Files (x86)\NVIDIA Corporation\PhysX\Common;C:\Program Files\NVIDIA Corporation\NVIDIA NvDLISR;C:\Program Files\dotnet\;C:\Program Files\Microsoft SQL Server\130\Tools\Binn\;C:\Program Files\Microsoft SQL Server\Client SDK\ODBC\170\Tools\Binn\;C:\php-8.2.5;C:\Users\User\AppData\Local\Programs\Microsoft VS Code\bin;C:\Users\User\AppData\Local\GitHubDesktop\bin;C:\Program Files\JetBrains\PyCharm Community Edition 2021.3\bin;;C:\Users\User\.dotnet\tools;C:\Program Files\JetBrains\IntelliJ IDEA Community Edition 2023.1.2\bin;
USERNAME=User
OS=Windows_NT
PROCESSOR_IDENTIFIER=Intel64 Family 6 Model 58 Stepping 9, GenuineIntel
TMP=C:\Users\User\AppData\Local\Temp
TEMP=C:\Users\User\AppData\Local\Temp




---------------  S Y S T E M  ---------------

OS:
 Windows 7 , 64 bit Build 7601 (6.1.7601.24545)
OS uptime: 0 days 12:17 hours

CPU: total 4 (initial active 4) (2 cores per cpu, 2 threads per core) family 6 model 58 stepping 9 microcode 0x0, cx8, cmov, fxsr, ht, mmx, sse, sse2, sse3, ssse3, sse4.1, sse4.2, popcnt, tsc, tscinvbit, avx, erms, clmul, vzeroupper, clflush, rdtscp, f16c

Memory: 4k page, system-wide physical 6107M (988M free)
TotalPageFile size 10605M (AvailPageFile size 158M)
current process WorkingSet (physical memory assigned to process): 291M, peak: 291M
current process commit charge ("private bytes"): 375M, peak: 836M

vm_info: OpenJDK 64-Bit Server VM (20.0.1+9-29) for windows-amd64 JRE (20.0.1+9-29), built on 2023-03-07T13:56:11Z by "mach5one" with MS VC++ 17.1 (VS2022)

END.
